#
# There is insufficient memory for the Java Runtime Environment to continue.
# Native memory allocation (malloc) failed to allocate 1152496 bytes for Chunk::new
# Possible reasons:
#   The system is out of physical RAM or swap space
#   The process is running with CompressedOops enabled, and the Java Heap may be blocking the growth of the native heap
# Possible solutions:
#   Reduce memory load on the system
#   Increase physical memory or swap space
#   Check if swap backing store is full
#   Decrease Java heap size (-Xmx/-Xms)
#   Decrease number of Java threads
#   Decrease Java thread stack sizes (-Xss)
#   Set larger code cache with -XX:ReservedCodeCacheSize=
#   JVM is running with Unscaled Compressed Oops mode in which the Java heap is
#     placed in the first 4GB address space. The Java Heap base address is the
#     maximum limit for the native heap growth. Please use -XX:HeapBaseMinAddress
#     to set the Java Heap base and to place the Java Heap above 4GB virtual address.
# This output file may be truncated or incomplete.
#
#  Out of Memory Error (arena.cpp:189), pid=2620, tid=25248
#
# JRE version: Java(TM) SE Runtime Environment (17.0.3.1+2) (build 17.0.3.1+2-LTS-6)
# Java VM: Java HotSpot(TM) 64-Bit Server VM (17.0.3.1+2-LTS-6, mixed mode, sharing, tiered, compressed oops, compressed class ptrs, g1 gc, windows-amd64)
# No core dump will be written. Minidumps are not enabled by default on client versions of Windows
#

---------------  S U M M A R Y ------------

Command Line: net.ultrafibra.utilidades.UtilidadesUltraFibraApplication

Host: AMD Ryzen 7 3700U with Radeon Vega Mobile Gfx  , 8 cores, 6G,  Windows 11 , 64 bit Build 22621 (10.0.22621.2506)
Time: Tue Jan  9 14:55:32 2024 Hora estándar de Argentina elapsed time: 72.940250 seconds (0d 0h 1m 12s)

---------------  T H R E A D  ---------------

Current thread (0x0000026c4adacb20):  JavaThread "C2 CompilerThread0" daemon [_thread_in_native, id=25248, stack(0x000000e974000000,0x000000e974100000)]


Current CompileTask:
C2:  72941 10910       4       java.time.format.DateTimeFormatterBuilder$InstantPrinterParser::format (444 bytes)

Stack: [0x000000e974000000,0x000000e974100000]
Native frames: (J=compiled Java code, j=interpreted, Vv=VM code, C=native code)
V  [jvm.dll+0x6711ba]
V  [jvm.dll+0x7d0834]
V  [jvm.dll+0x7d1fde]
V  [jvm.dll+0x7d2643]
V  [jvm.dll+0x242c85]
V  [jvm.dll+0xaa57b]
V  [jvm.dll+0xaab0c]
V  [jvm.dll+0x35ff22]
V  [jvm.dll+0x32a581]
V  [jvm.dll+0x329a2a]
V  [jvm.dll+0x215d61]
V  [jvm.dll+0x215181]
V  [jvm.dll+0x1a1c3d]
V  [jvm.dll+0x2249c8]
V  [jvm.dll+0x222b2c]
V  [jvm.dll+0x78650b]
V  [jvm.dll+0x780aca]
V  [jvm.dll+0x670045]
C  [ucrtbase.dll+0x29363]
C  [KERNEL32.dll+0x1257d]
C  [ntdll.dll+0x5aa58]


---------------  P R O C E S S  ---------------

Threads class SMR info:
_java_thread_list=0x0000026c5074dd10, length=36, elements={
0x0000026c4ad8c170, 0x0000026c4ad8cfe0, 0x0000026c4ada4fe0, 0x0000026c4ada78b0,
0x0000026c4ada8170, 0x0000026c4adabf30, 0x0000026c4adacb20, 0x0000026c4adbdcb0,
0x0000026c4add05a0, 0x0000026c4b8c7b70, 0x0000026c4b8d5ce0, 0x0000026c4fdb0180,
0x0000026c4fdaf440, 0x0000026c4ea7f730, 0x0000026c503f96e0, 0x0000026c4e915850,
0x0000026c4e9b0030, 0x0000026c50be8350, 0x0000026c56f96660, 0x0000026c4d4e5150,
0x0000026c50b08bc0, 0x0000026c53651020, 0x0000026c4e03e510, 0x0000026c4e03e9e0,
0x0000026c4e03eeb0, 0x0000026c52d55680, 0x0000026c52d54810, 0x0000026c52d59eb0,
0x0000026c52d54ce0, 0x0000026c52d57830, 0x0000026c52d57d00, 0x0000026c52d55b50,
0x0000026c52d586a0, 0x0000026c52d534d0, 0x0000026c52d57360, 0x0000026c52d551b0
}

Java Threads: ( => current thread )
  0x0000026c4ad8c170 JavaThread "Reference Handler" daemon [_thread_blocked, id=12112, stack(0x000000e973a00000,0x000000e973b00000)]
  0x0000026c4ad8cfe0 JavaThread "Finalizer" daemon [_thread_blocked, id=21096, stack(0x000000e973b00000,0x000000e973c00000)]
  0x0000026c4ada4fe0 JavaThread "Signal Dispatcher" daemon [_thread_blocked, id=15844, stack(0x000000e973c00000,0x000000e973d00000)]
  0x0000026c4ada78b0 JavaThread "Attach Listener" daemon [_thread_blocked, id=20692, stack(0x000000e973d00000,0x000000e973e00000)]
  0x0000026c4ada8170 JavaThread "Service Thread" daemon [_thread_blocked, id=15000, stack(0x000000e973e00000,0x000000e973f00000)]
  0x0000026c4adabf30 JavaThread "Monitor Deflation Thread" daemon [_thread_blocked, id=7040, stack(0x000000e973f00000,0x000000e974000000)]
=>0x0000026c4adacb20 JavaThread "C2 CompilerThread0" daemon [_thread_in_native, id=25248, stack(0x000000e974000000,0x000000e974100000)]
  0x0000026c4adbdcb0 JavaThread "C1 CompilerThread0" daemon [_thread_blocked, id=23664, stack(0x000000e974100000,0x000000e974200000)]
  0x0000026c4add05a0 JavaThread "Sweeper thread" daemon [_thread_blocked, id=23588, stack(0x000000e974200000,0x000000e974300000)]
  0x0000026c4b8c7b70 JavaThread "Notification Thread" daemon [_thread_blocked, id=9988, stack(0x000000e974300000,0x000000e974400000)]
  0x0000026c4b8d5ce0 JavaThread "Common-Cleaner" daemon [_thread_blocked, id=112, stack(0x000000e974500000,0x000000e974600000)]
  0x0000026c4fdb0180 JavaThread "Catalina-utility-1" [_thread_blocked, id=8184, stack(0x000000e975200000,0x000000e975300000)]
  0x0000026c4fdaf440 JavaThread "Catalina-utility-2" [_thread_blocked, id=25204, stack(0x000000e975300000,0x000000e975400000)]
  0x0000026c4ea7f730 JavaThread "container-0" [_thread_blocked, id=23240, stack(0x000000e975400000,0x000000e975500000)]
  0x0000026c503f96e0 JavaThread "mysql-cj-abandoned-connection-cleanup" daemon [_thread_blocked, id=1616, stack(0x000000e975500000,0x000000e975600000)]
  0x0000026c4e915850 JavaThread "HikariPool-1 housekeeper" daemon [_thread_blocked, id=22412, stack(0x000000e975600000,0x000000e975700000)]
  0x0000026c4e9b0030 JavaThread "DefaultUDPTransportMapping_0:0:0:0:0:0:0:0/63391" daemon [_thread_in_native, id=22352, stack(0x000000e975800000,0x000000e975900000)]
  0x0000026c50be8350 JavaThread "MessageBroker-1" [_thread_blocked, id=15124, stack(0x000000e975900000,0x000000e975a00000)]
  0x0000026c56f96660 JavaThread "File Watcher" daemon [_thread_in_native, id=24552, stack(0x000000e975a00000,0x000000e975b00000)]
  0x0000026c4d4e5150 JavaThread "Live Reload Server" daemon [_thread_in_native, id=22824, stack(0x000000e975c00000,0x000000e975d00000)]
  0x0000026c50b08bc0 JavaThread "http-nio-0.0.0.0-8080-exec-1" daemon [_thread_blocked, id=10012, stack(0x000000e975b00000,0x000000e975c00000)]
  0x0000026c53651020 JavaThread "http-nio-0.0.0.0-8080-exec-2" daemon [_thread_blocked, id=7392, stack(0x000000e975d00000,0x000000e975e00000)]
  0x0000026c4e03e510 JavaThread "http-nio-0.0.0.0-8080-exec-3" daemon [_thread_blocked, id=6044, stack(0x000000e975e00000,0x000000e975f00000)]
  0x0000026c4e03e9e0 JavaThread "http-nio-0.0.0.0-8080-exec-4" daemon [_thread_blocked, id=21836, stack(0x000000e975f00000,0x000000e976000000)]
  0x0000026c4e03eeb0 JavaThread "http-nio-0.0.0.0-8080-exec-5" daemon [_thread_blocked, id=11996, stack(0x000000e976000000,0x000000e976100000)]
  0x0000026c52d55680 JavaThread "http-nio-0.0.0.0-8080-exec-6" daemon [_thread_blocked, id=11400, stack(0x000000e976100000,0x000000e976200000)]
  0x0000026c52d54810 JavaThread "http-nio-0.0.0.0-8080-exec-7" daemon [_thread_blocked, id=3776, stack(0x000000e976200000,0x000000e976300000)]
  0x0000026c52d59eb0 JavaThread "http-nio-0.0.0.0-8080-exec-8" daemon [_thread_blocked, id=10508, stack(0x000000e976300000,0x000000e976400000)]
  0x0000026c52d54ce0 JavaThread "http-nio-0.0.0.0-8080-exec-9" daemon [_thread_blocked, id=12000, stack(0x000000e976400000,0x000000e976500000)]
  0x0000026c52d57830 JavaThread "http-nio-0.0.0.0-8080-exec-10" daemon [_thread_blocked, id=5172, stack(0x000000e976500000,0x000000e976600000)]
  0x0000026c52d57d00 JavaThread "http-nio-0.0.0.0-8080-Poller" daemon [_thread_in_native, id=5612, stack(0x000000e976600000,0x000000e976700000)]
  0x0000026c52d55b50 JavaThread "http-nio-0.0.0.0-8080-Acceptor" daemon [_thread_in_native, id=25480, stack(0x000000e976700000,0x000000e976800000)]
  0x0000026c52d586a0 JavaThread "MessageBroker-2" [_thread_blocked, id=23704, stack(0x000000e976800000,0x000000e976900000)]
  0x0000026c52d534d0 JavaThread "MessageBroker-3" [_thread_blocked, id=21560, stack(0x000000e976900000,0x000000e976a00000)]
  0x0000026c52d57360 JavaThread "DestroyJavaVM" [_thread_blocked, id=17848, stack(0x000000e973300000,0x000000e973400000)]
  0x0000026c52d551b0 JavaThread "MessageBroker-4" [_thread_blocked, id=20908, stack(0x000000e976a00000,0x000000e976b00000)]

Other Threads:
  0x0000026c4ad86130 VMThread "VM Thread" [stack: 0x000000e973900000,0x000000e973a00000] [id=12460]
  0x0000026c4b8ce060 WatcherThread [stack: 0x000000e974400000,0x000000e974500000] [id=15628]
  0x0000026c2d629920 GCTaskThread "GC Thread#0" [stack: 0x000000e973400000,0x000000e973500000] [id=16108]
  0x0000026c4bff62f0 GCTaskThread "GC Thread#1" [stack: 0x000000e974800000,0x000000e974900000] [id=21024]
  0x0000026c4bff65a0 GCTaskThread "GC Thread#2" [stack: 0x000000e974900000,0x000000e974a00000] [id=23180]
  0x0000026c4bff6850 GCTaskThread "GC Thread#3" [stack: 0x000000e974a00000,0x000000e974b00000] [id=23128]
  0x0000026c4bff6b00 GCTaskThread "GC Thread#4" [stack: 0x000000e974b00000,0x000000e974c00000] [id=5396]
  0x0000026c4bff6db0 GCTaskThread "GC Thread#5" [stack: 0x000000e974c00000,0x000000e974d00000] [id=19692]
  0x0000026c4c8c7d10 GCTaskThread "GC Thread#6" [stack: 0x000000e974e00000,0x000000e974f00000] [id=10264]
  0x0000026c4c3fec00 GCTaskThread "GC Thread#7" [stack: 0x000000e974f00000,0x000000e975000000] [id=16480]
  0x0000026c2d6386e0 ConcurrentGCThread "G1 Main Marker" [stack: 0x000000e973500000,0x000000e973600000] [id=18132]
  0x0000026c2d6390f0 ConcurrentGCThread "G1 Conc#0" [stack: 0x000000e973600000,0x000000e973700000] [id=4260]
  0x0000026c4bf16130 ConcurrentGCThread "G1 Conc#1" [stack: 0x000000e974d00000,0x000000e974e00000] [id=4008]
  0x0000026c2d68e1c0 ConcurrentGCThread "G1 Refine#0" [stack: 0x000000e973700000,0x000000e973800000] [id=10392]
  0x0000026c2d68ebe0 ConcurrentGCThread "G1 Service" [stack: 0x000000e973800000,0x000000e973900000] [id=18748]

Threads with active compile tasks:
C2 CompilerThread0    73088 10910       4       java.time.format.DateTimeFormatterBuilder$InstantPrinterParser::format (444 bytes)

VM state: not at safepoint (normal execution)

VM Mutex/Monitor currently owned by a thread: None

Heap address: 0x0000000090c00000, size: 1780 MB, Compressed Oops mode: 32-bit

CDS archive(s) mapped at: [0x0000000800000000-0x0000000800bc0000-0x0000000800bc0000), size 12320768, SharedBaseAddress: 0x0000000800000000, ArchiveRelocationMode: 0.
Compressed class space mapped at: 0x0000000800c00000-0x0000000840c00000, reserved size: 1073741824
Narrow klass base: 0x0000000800000000, Narrow klass shift: 0, Narrow klass range: 0x100000000

GC Precious Log:
 CPUs: 8 total, 8 available
 Memory: 7115M
 Large Page Support: Disabled
 NUMA Support: Disabled
 Compressed Oops: Enabled (32-bit)
 Heap Region Size: 1M
 Heap Min Capacity: 8M
 Heap Initial Capacity: 112M
 Heap Max Capacity: 1780M
 Pre-touch: Disabled
 Parallel Workers: 8
 Concurrent Workers: 2
 Concurrent Refinement Workers: 8
 Periodic GC: Disabled

Heap:
 garbage-first heap   total 84992K, used 65683K [0x0000000090c00000, 0x0000000100000000)
  region size 1024K, 29 young (29696K), 1 survivors (1024K)
 Metaspace       used 73598K, committed 74240K, reserved 1114112K
  class space    used 9730K, committed 10048K, reserved 1048576K

Heap Regions: E=young(eden), S=young(survivor), O=old, HS=humongous(starts), HC=humongous(continues), CS=collection set, F=free, OA=open archive, CA=closed archive, TAMS=top-at-mark-start (previous, next)
|   0|0x0000000090c00000, 0x0000000090d00000, 0x0000000090d00000|100%|HS|  |TAMS 0x0000000090d00000, 0x0000000090c00000| Complete 
|   1|0x0000000090d00000, 0x0000000090e00000, 0x0000000090e00000|100%| O|  |TAMS 0x0000000090e00000, 0x0000000090d00000| Untracked 
|   2|0x0000000090e00000, 0x0000000090f00000, 0x0000000090f00000|100%| O|  |TAMS 0x0000000090f00000, 0x0000000090e00000| Untracked 
|   3|0x0000000090f00000, 0x0000000091000000, 0x0000000091000000|100%| O|  |TAMS 0x0000000091000000, 0x0000000090f00000| Untracked 
|   4|0x0000000091000000, 0x0000000091100000, 0x0000000091100000|100%| O|  |TAMS 0x0000000091100000, 0x0000000091000000| Untracked 
|   5|0x0000000091100000, 0x0000000091200000, 0x0000000091200000|100%| O|  |TAMS 0x0000000091200000, 0x0000000091100000| Untracked 
|   6|0x0000000091200000, 0x0000000091300000, 0x0000000091300000|100%| O|  |TAMS 0x0000000091300000, 0x0000000091200000| Untracked 
|   7|0x0000000091300000, 0x0000000091400000, 0x0000000091400000|100%| O|  |TAMS 0x0000000091400000, 0x0000000091300000| Untracked 
|   8|0x0000000091400000, 0x0000000091500000, 0x0000000091500000|100%| O|  |TAMS 0x0000000091500000, 0x0000000091400000| Untracked 
|   9|0x0000000091500000, 0x0000000091600000, 0x0000000091600000|100%| O|  |TAMS 0x0000000091600000, 0x0000000091500000| Untracked 
|  10|0x0000000091600000, 0x0000000091700000, 0x0000000091700000|100%| O|  |TAMS 0x0000000091700000, 0x0000000091600000| Untracked 
|  11|0x0000000091700000, 0x0000000091800000, 0x0000000091800000|100%| O|  |TAMS 0x0000000091800000, 0x0000000091700000| Untracked 
|  12|0x0000000091800000, 0x0000000091900000, 0x0000000091900000|100%| O|  |TAMS 0x0000000091900000, 0x0000000091800000| Untracked 
|  13|0x0000000091900000, 0x0000000091900000, 0x0000000091a00000|  0%| F|  |TAMS 0x0000000091900000, 0x0000000091900000| Untracked 
|  14|0x0000000091a00000, 0x0000000091b00000, 0x0000000091b00000|100%| O|  |TAMS 0x0000000091b00000, 0x0000000091a00000| Untracked 
|  15|0x0000000091b00000, 0x0000000091c00000, 0x0000000091c00000|100%| O|  |TAMS 0x0000000091c00000, 0x0000000091b00000| Untracked 
|  16|0x0000000091c00000, 0x0000000091d00000, 0x0000000091d00000|100%| O|  |TAMS 0x0000000091d00000, 0x0000000091c00000| Untracked 
|  17|0x0000000091d00000, 0x0000000091e00000, 0x0000000091e00000|100%| O|  |TAMS 0x0000000091e00000, 0x0000000091d00000| Untracked 
|  18|0x0000000091e00000, 0x0000000091e00000, 0x0000000091f00000|  0%| F|  |TAMS 0x0000000091e00000, 0x0000000091e00000| Untracked 
|  19|0x0000000091f00000, 0x0000000092000000, 0x0000000092000000|100%| O|  |TAMS 0x0000000092000000, 0x0000000091f00000| Untracked 
|  20|0x0000000092000000, 0x0000000092100000, 0x0000000092100000|100%| O|  |TAMS 0x0000000092100000, 0x0000000092000000| Untracked 
|  21|0x0000000092100000, 0x0000000092200000, 0x0000000092200000|100%| O|  |TAMS 0x0000000092200000, 0x0000000092100000| Untracked 
|  22|0x0000000092200000, 0x0000000092300000, 0x0000000092300000|100%| O|  |TAMS 0x0000000092300000, 0x0000000092200000| Untracked 
|  23|0x0000000092300000, 0x0000000092400000, 0x0000000092400000|100%| O|  |TAMS 0x0000000092400000, 0x0000000092300000| Untracked 
|  24|0x0000000092400000, 0x0000000092500000, 0x0000000092500000|100%| O|  |TAMS 0x0000000092500000, 0x0000000092400000| Untracked 
|  25|0x0000000092500000, 0x0000000092600000, 0x0000000092600000|100%| O|  |TAMS 0x0000000092600000, 0x0000000092500000| Untracked 
|  26|0x0000000092600000, 0x0000000092700000, 0x0000000092700000|100%| O|  |TAMS 0x0000000092700000, 0x0000000092600000| Untracked 
|  27|0x0000000092700000, 0x0000000092800000, 0x0000000092800000|100%| O|  |TAMS 0x0000000092800000, 0x0000000092700000| Untracked 
|  28|0x0000000092800000, 0x0000000092900000, 0x0000000092900000|100%| O|  |TAMS 0x0000000092900000, 0x0000000092800000| Untracked 
|  29|0x0000000092900000, 0x0000000092a00000, 0x0000000092a00000|100%| O|  |TAMS 0x0000000092a00000, 0x0000000092900000| Untracked 
|  30|0x0000000092a00000, 0x0000000092b00000, 0x0000000092b00000|100%| O|  |TAMS 0x0000000092b00000, 0x0000000092a00000| Untracked 
|  31|0x0000000092b00000, 0x0000000092c00000, 0x0000000092c00000|100%| O|  |TAMS 0x0000000092c00000, 0x0000000092b00000| Untracked 
|  32|0x0000000092c00000, 0x0000000092d00000, 0x0000000092d00000|100%| O|  |TAMS 0x0000000092d00000, 0x0000000092c00000| Untracked 
|  33|0x0000000092d00000, 0x0000000092e00000, 0x0000000092e00000|100%| O|  |TAMS 0x0000000092e00000, 0x0000000092d00000| Untracked 
|  34|0x0000000092e00000, 0x0000000092f00000, 0x0000000092f00000|100%| O|  |TAMS 0x0000000092f00000, 0x0000000092e00000| Untracked 
|  35|0x0000000092f00000, 0x0000000093000000, 0x0000000093000000|100%| O|  |TAMS 0x0000000093000000, 0x0000000092f00000| Untracked 
|  36|0x0000000093000000, 0x0000000093100000, 0x0000000093100000|100%| O|  |TAMS 0x0000000093100000, 0x0000000093000000| Untracked 
|  37|0x0000000093100000, 0x0000000093200000, 0x0000000093200000|100%| O|  |TAMS 0x0000000093200000, 0x0000000093100000| Untracked 
|  38|0x0000000093200000, 0x00000000932e4a00, 0x0000000093300000| 89%| O|  |TAMS 0x0000000093240800, 0x0000000093200000| Untracked 
|  39|0x0000000093300000, 0x0000000093300000, 0x0000000093400000|  0%| F|  |TAMS 0x0000000093300000, 0x0000000093300000| Untracked 
|  40|0x0000000093400000, 0x0000000093400000, 0x0000000093500000|  0%| F|  |TAMS 0x0000000093400000, 0x0000000093400000| Untracked 
|  41|0x0000000093500000, 0x0000000093500000, 0x0000000093600000|  0%| F|  |TAMS 0x0000000093500000, 0x0000000093500000| Untracked 
|  42|0x0000000093600000, 0x0000000093600000, 0x0000000093700000|  0%| F|  |TAMS 0x0000000093600000, 0x0000000093600000| Untracked 
|  43|0x0000000093700000, 0x0000000093700000, 0x0000000093800000|  0%| F|  |TAMS 0x0000000093700000, 0x0000000093700000| Untracked 
|  44|0x0000000093800000, 0x0000000093800000, 0x0000000093900000|  0%| F|  |TAMS 0x0000000093800000, 0x0000000093800000| Untracked 
|  45|0x0000000093900000, 0x0000000093900000, 0x0000000093a00000|  0%| F|  |TAMS 0x0000000093900000, 0x0000000093900000| Untracked 
|  46|0x0000000093a00000, 0x0000000093a403b0, 0x0000000093b00000| 25%| S|CS|TAMS 0x0000000093a00000, 0x0000000093a00000| Complete 
|  47|0x0000000093b00000, 0x0000000093b00000, 0x0000000093c00000|  0%| F|  |TAMS 0x0000000093b00000, 0x0000000093b00000| Untracked 
|  48|0x0000000093c00000, 0x0000000093c00000, 0x0000000093d00000|  0%| F|  |TAMS 0x0000000093c00000, 0x0000000093c00000| Untracked 
|  49|0x0000000093d00000, 0x0000000093d00000, 0x0000000093e00000|  0%| F|  |TAMS 0x0000000093d00000, 0x0000000093d00000| Untracked 
|  50|0x0000000093e00000, 0x0000000093e00000, 0x0000000093f00000|  0%| F|  |TAMS 0x0000000093e00000, 0x0000000093e00000| Untracked 
|  51|0x0000000093f00000, 0x0000000093f00000, 0x0000000094000000|  0%| F|  |TAMS 0x0000000093f00000, 0x0000000093f00000| Untracked 
|  52|0x0000000094000000, 0x0000000094000000, 0x0000000094100000|  0%| F|  |TAMS 0x0000000094000000, 0x0000000094000000| Untracked 
|  53|0x0000000094100000, 0x0000000094100000, 0x0000000094200000|  0%| F|  |TAMS 0x0000000094100000, 0x0000000094100000| Untracked 
|  54|0x0000000094200000, 0x0000000094211c70, 0x0000000094300000|  6%| E|  |TAMS 0x0000000094200000, 0x0000000094200000| Complete 
|  55|0x0000000094300000, 0x0000000094400000, 0x0000000094400000|100%| E|CS|TAMS 0x0000000094300000, 0x0000000094300000| Complete 
|  56|0x0000000094400000, 0x0000000094500000, 0x0000000094500000|100%| E|CS|TAMS 0x0000000094400000, 0x0000000094400000| Complete 
|  57|0x0000000094500000, 0x0000000094600000, 0x0000000094600000|100%| E|CS|TAMS 0x0000000094500000, 0x0000000094500000| Complete 
|  58|0x0000000094600000, 0x0000000094700000, 0x0000000094700000|100%| E|CS|TAMS 0x0000000094600000, 0x0000000094600000| Complete 
|  59|0x0000000094700000, 0x0000000094800000, 0x0000000094800000|100%| E|CS|TAMS 0x0000000094700000, 0x0000000094700000| Complete 
|  60|0x0000000094800000, 0x0000000094900000, 0x0000000094900000|100%| E|CS|TAMS 0x0000000094800000, 0x0000000094800000| Complete 
|  61|0x0000000094900000, 0x0000000094a00000, 0x0000000094a00000|100%| E|CS|TAMS 0x0000000094900000, 0x0000000094900000| Complete 
|  62|0x0000000094a00000, 0x0000000094b00000, 0x0000000094b00000|100%| E|CS|TAMS 0x0000000094a00000, 0x0000000094a00000| Complete 
|  63|0x0000000094b00000, 0x0000000094c00000, 0x0000000094c00000|100%| E|CS|TAMS 0x0000000094b00000, 0x0000000094b00000| Complete 
|  64|0x0000000094c00000, 0x0000000094d00000, 0x0000000094d00000|100%| E|CS|TAMS 0x0000000094c00000, 0x0000000094c00000| Complete 
|  65|0x0000000094d00000, 0x0000000094e00000, 0x0000000094e00000|100%| E|CS|TAMS 0x0000000094d00000, 0x0000000094d00000| Complete 
|  66|0x0000000094e00000, 0x0000000094f00000, 0x0000000094f00000|100%| E|CS|TAMS 0x0000000094e00000, 0x0000000094e00000| Complete 
|  67|0x0000000094f00000, 0x0000000095000000, 0x0000000095000000|100%| E|CS|TAMS 0x0000000094f00000, 0x0000000094f00000| Complete 
|  68|0x0000000095000000, 0x0000000095100000, 0x0000000095100000|100%| E|CS|TAMS 0x0000000095000000, 0x0000000095000000| Complete 
|  69|0x0000000095100000, 0x0000000095200000, 0x0000000095200000|100%| E|CS|TAMS 0x0000000095100000, 0x0000000095100000| Complete 
|  70|0x0000000095200000, 0x0000000095300000, 0x0000000095300000|100%| E|CS|TAMS 0x0000000095200000, 0x0000000095200000| Complete 
|  71|0x0000000095300000, 0x0000000095400000, 0x0000000095400000|100%| E|CS|TAMS 0x0000000095300000, 0x0000000095300000| Complete 
|  72|0x0000000095400000, 0x0000000095500000, 0x0000000095500000|100%| E|CS|TAMS 0x0000000095400000, 0x0000000095400000| Complete 
|  73|0x0000000095500000, 0x0000000095600000, 0x0000000095600000|100%| E|CS|TAMS 0x0000000095500000, 0x0000000095500000| Complete 
|  74|0x0000000095600000, 0x0000000095700000, 0x0000000095700000|100%| E|CS|TAMS 0x0000000095600000, 0x0000000095600000| Complete 
|  75|0x0000000095700000, 0x0000000095800000, 0x0000000095800000|100%| E|CS|TAMS 0x0000000095700000, 0x0000000095700000| Complete 
|  93|0x0000000096900000, 0x0000000096a00000, 0x0000000096a00000|100%| E|CS|TAMS 0x0000000096900000, 0x0000000096900000| Complete 
|  94|0x0000000096a00000, 0x0000000096b00000, 0x0000000096b00000|100%| E|CS|TAMS 0x0000000096a00000, 0x0000000096a00000| Complete 
|  95|0x0000000096b00000, 0x0000000096c00000, 0x0000000096c00000|100%| E|CS|TAMS 0x0000000096b00000, 0x0000000096b00000| Complete 
|  96|0x0000000096c00000, 0x0000000096d00000, 0x0000000096d00000|100%| E|CS|TAMS 0x0000000096c00000, 0x0000000096c00000| Complete 
|  97|0x0000000096d00000, 0x0000000096e00000, 0x0000000096e00000|100%| E|CS|TAMS 0x0000000096d00000, 0x0000000096d00000| Complete 
|  98|0x0000000096e00000, 0x0000000096f00000, 0x0000000096f00000|100%| E|CS|TAMS 0x0000000096e00000, 0x0000000096e00000| Complete 
| 111|0x0000000097b00000, 0x0000000097c00000, 0x0000000097c00000|100%| E|CS|TAMS 0x0000000097b00000, 0x0000000097b00000| Complete 

Card table byte_map: [0x0000026c444f0000,0x0000026c44870000] _byte_map_base: 0x0000026c4406a000

Marking Bits (Prev, Next): (CMBitMap*) 0x0000026c2d629f70, (CMBitMap*) 0x0000026c2d629f30
 Prev Bits: [0x0000026c467c0000, 0x0000026c48390000)
 Next Bits: [0x0000026c44bf0000, 0x0000026c467c0000)

Polling page: 0x0000026c2b340000

Metaspace:

Usage:
  Non-class:     62.37 MB used.
      Class:      9.50 MB used.
       Both:     71.87 MB used.

Virtual space:
  Non-class space:       64.00 MB reserved,      62.69 MB ( 98%) committed,  8 nodes.
      Class space:        1.00 GB reserved,       9.81 MB ( <1%) committed,  1 nodes.
             Both:        1.06 GB reserved,      72.50 MB (  7%) committed. 

Chunk freelists:
   Non-Class:  1.09 MB
       Class:  2.10 MB
        Both:  3.20 MB

MaxMetaspaceSize: unlimited
CompressedClassSpaceSize: 1.00 GB
Initial GC threshold: 21.00 MB
Current GC threshold: 120.31 MB
CDS: on
MetaspaceReclaimPolicy: balanced
 - commit_granule_bytes: 65536.
 - commit_granule_words: 8192.
 - virtual_space_node_default_size: 1048576.
 - enlarge_chunks_in_place: 1.
 - new_chunks_are_fully_committed: 0.
 - uncommit_free_chunks: 1.
 - use_allocation_guard: 0.
 - handle_deallocations: 1.


Internal statistics:

num_allocs_failed_limit: 6.
num_arena_births: 858.
num_arena_deaths: 36.
num_vsnodes_births: 9.
num_vsnodes_deaths: 0.
num_space_committed: 1160.
num_space_uncommitted: 0.
num_chunks_returned_to_freelist: 60.
num_chunks_taken_from_freelist: 3688.
num_chunk_merges: 8.
num_chunk_splits: 2573.
num_chunks_enlarged: 1938.
num_purges: 10.
num_inconsistent_stats: 0.

CodeHeap 'non-profiled nmethods': size=120000Kb used=7570Kb max_used=7570Kb free=112429Kb
 bounds [0x0000026c3c900000, 0x0000026c3d070000, 0x0000026c43e30000]
CodeHeap 'profiled nmethods': size=120000Kb used=17886Kb max_used=17886Kb free=102113Kb
 bounds [0x0000026c353d0000, 0x0000026c36550000, 0x0000026c3c900000]
CodeHeap 'non-nmethods': size=5760Kb used=1344Kb max_used=1423Kb free=4415Kb
 bounds [0x0000026c34e30000, 0x0000026c350a0000, 0x0000026c353d0000]
 total_blobs=9842 nmethods=9166 adapters=587
 compilation: enabled
              stopped_count=0, restarted_count=0
 full_count=0

Compilation events (20 events):
Event: 71.857 Thread 0x0000026c4adbdcb0 10905       3       sun.nio.ch.SocketOptionRegistry::findOption (23 bytes)
Event: 71.858 Thread 0x0000026c4adbdcb0 nmethod 10905 0x0000026c35e06f90 code [0x0000026c35e07160, 0x0000026c35e076a8]
Event: 71.909 Thread 0x0000026c4adacb20 nmethod 10899 0x0000026c3d04e690 code [0x0000026c3d04eac0, 0x0000026c3d052d88]
Event: 71.909 Thread 0x0000026c4adacb20 10901       4       org.springframework.security.web.header.writers.XXssProtectionHeaderWriter::writeHeaders (27 bytes)
Event: 71.912 Thread 0x0000026c4adacb20 nmethod 10901 0x0000026c3d055a90 code [0x0000026c3d055c40, 0x0000026c3d055d78]
Event: 71.913 Thread 0x0000026c4adacb20 10902       4       org.springframework.security.web.firewall.StrictHttpFirewall::getFirewalledRequest (54 bytes)
Event: 72.150 Thread 0x0000026c4adacb20 nmethod 10902 0x0000026c3d055f10 code [0x0000026c3d056280, 0x0000026c3d059348]
Event: 72.150 Thread 0x0000026c4adacb20 10907       4       org.springframework.web.servlet.handler.HandlerMappingIntrospector::getCorsConfiguration (24 bytes)
Event: 72.155 Thread 0x0000026c4adacb20 nmethod 10907 0x0000026c3d05b090 code [0x0000026c3d05b240, 0x0000026c3d05b578]
Event: 72.155 Thread 0x0000026c4adacb20 10900       4       org.springframework.util.MimeType$$Lambda$212/0x0000000800d3fc80::accept (20 bytes)
Event: 72.194 Thread 0x0000026c4adacb20 nmethod 10900 0x0000026c3d05b790 code [0x0000026c3d05b9a0, 0x0000026c3d05c4e8]
Event: 72.194 Thread 0x0000026c4adacb20 10906       4       org.apache.catalina.mapper.Mapper::internalMapWildcardWrapper (248 bytes)
Event: 72.198 Thread 0x0000026c4adacb20 nmethod 10906 0x0000026c3d05ce10 code [0x0000026c3d05cfa0, 0x0000026c3d05d238]
Event: 72.541 Thread 0x0000026c4adacb20 10908       4       org.springframework.http.HttpMethod::equals (37 bytes)
Event: 72.542 Thread 0x0000026c4adacb20 nmethod 10908 0x0000026c3d05d610 code [0x0000026c3d05d780, 0x0000026c3d05d818]
Event: 72.543 Thread 0x0000026c4adacb20 10909   !   4       org.springframework.security.oauth2.server.resource.web.authentication.BearerTokenAuthenticationFilter::doFilterInternal (239 bytes)
Event: 72.700 Thread 0x0000026c4adacb20 nmethod 10909 0x0000026c3d05d910 code [0x0000026c3d05dd40, 0x0000026c3d060518]
Event: 72.701 Thread 0x0000026c4adacb20 10911       4       org.springframework.security.web.context.request.async.WebAsyncManagerIntegrationFilter::doFilterInternal (61 bytes)
Event: 72.751 Thread 0x0000026c4adacb20 nmethod 10911 0x0000026c3d062910 code [0x0000026c3d062ba0, 0x0000026c3d063b80]
Event: 72.751 Thread 0x0000026c4adacb20 10910       4       java.time.format.DateTimeFormatterBuilder$InstantPrinterParser::format (444 bytes)

GC Heap History (20 events):
Event: 53.334 GC heap before
{Heap before GC invocations=43 (full 0):
 garbage-first heap   total 84992K, used 71784K [0x0000000090c00000, 0x0000000100000000)
  region size 1024K, 34 young (34816K), 1 survivors (1024K)
 Metaspace       used 73563K, committed 74176K, reserved 1114112K
  class space    used 9730K, committed 10048K, reserved 1048576K
}
Event: 53.336 GC heap after
{Heap after GC invocations=44 (full 0):
 garbage-first heap   total 84992K, used 37968K [0x0000000090c00000, 0x0000000100000000)
  region size 1024K, 1 young (1024K), 1 survivors (1024K)
 Metaspace       used 73563K, committed 74176K, reserved 1114112K
  class space    used 9730K, committed 10048K, reserved 1048576K
}
Event: 55.312 GC heap before
{Heap before GC invocations=44 (full 0):
 garbage-first heap   total 84992K, used 72784K [0x0000000090c00000, 0x0000000100000000)
  region size 1024K, 35 young (35840K), 1 survivors (1024K)
 Metaspace       used 73563K, committed 74176K, reserved 1114112K
  class space    used 9730K, committed 10048K, reserved 1048576K
}
Event: 55.314 GC heap after
{Heap after GC invocations=45 (full 0):
 garbage-first heap   total 84992K, used 37911K [0x0000000090c00000, 0x0000000100000000)
  region size 1024K, 1 young (1024K), 1 survivors (1024K)
 Metaspace       used 73563K, committed 74176K, reserved 1114112K
  class space    used 9730K, committed 10048K, reserved 1048576K
}
Event: 57.052 GC heap before
{Heap before GC invocations=45 (full 0):
 garbage-first heap   total 84992K, used 72727K [0x0000000090c00000, 0x0000000100000000)
  region size 1024K, 35 young (35840K), 1 survivors (1024K)
 Metaspace       used 73563K, committed 74176K, reserved 1114112K
  class space    used 9730K, committed 10048K, reserved 1048576K
}
Event: 57.055 GC heap after
{Heap after GC invocations=46 (full 0):
 garbage-first heap   total 84992K, used 38004K [0x0000000090c00000, 0x0000000100000000)
  region size 1024K, 1 young (1024K), 1 survivors (1024K)
 Metaspace       used 73563K, committed 74176K, reserved 1114112K
  class space    used 9730K, committed 10048K, reserved 1048576K
}
Event: 58.751 GC heap before
{Heap before GC invocations=46 (full 0):
 garbage-first heap   total 84992K, used 71796K [0x0000000090c00000, 0x0000000100000000)
  region size 1024K, 35 young (35840K), 1 survivors (1024K)
 Metaspace       used 73564K, committed 74176K, reserved 1114112K
  class space    used 9730K, committed 10048K, reserved 1048576K
}
Event: 58.754 GC heap after
{Heap after GC invocations=47 (full 0):
 garbage-first heap   total 84992K, used 37948K [0x0000000090c00000, 0x0000000100000000)
  region size 1024K, 1 young (1024K), 1 survivors (1024K)
 Metaspace       used 73564K, committed 74176K, reserved 1114112K
  class space    used 9730K, committed 10048K, reserved 1048576K
}
Event: 60.924 GC heap before
{Heap before GC invocations=47 (full 0):
 garbage-first heap   total 84992K, used 72764K [0x0000000090c00000, 0x0000000100000000)
  region size 1024K, 35 young (35840K), 1 survivors (1024K)
 Metaspace       used 73564K, committed 74176K, reserved 1114112K
  class space    used 9730K, committed 10048K, reserved 1048576K
}
Event: 60.926 GC heap after
{Heap after GC invocations=48 (full 0):
 garbage-first heap   total 84992K, used 37919K [0x0000000090c00000, 0x0000000100000000)
  region size 1024K, 1 young (1024K), 1 survivors (1024K)
 Metaspace       used 73564K, committed 74176K, reserved 1114112K
  class space    used 9730K, committed 10048K, reserved 1048576K
}
Event: 62.990 GC heap before
{Heap before GC invocations=48 (full 0):
 garbage-first heap   total 84992K, used 73759K [0x0000000090c00000, 0x0000000100000000)
  region size 1024K, 36 young (36864K), 1 survivors (1024K)
 Metaspace       used 73565K, committed 74176K, reserved 1114112K
  class space    used 9730K, committed 10048K, reserved 1048576K
}
Event: 62.992 GC heap after
{Heap after GC invocations=49 (full 0):
 garbage-first heap   total 84992K, used 37995K [0x0000000090c00000, 0x0000000100000000)
  region size 1024K, 1 young (1024K), 1 survivors (1024K)
 Metaspace       used 73565K, committed 74176K, reserved 1114112K
  class space    used 9730K, committed 10048K, reserved 1048576K
}
Event: 65.378 GC heap before
{Heap before GC invocations=49 (full 0):
 garbage-first heap   total 84992K, used 73835K [0x0000000090c00000, 0x0000000100000000)
  region size 1024K, 36 young (36864K), 1 survivors (1024K)
 Metaspace       used 73586K, committed 74240K, reserved 1114112K
  class space    used 9730K, committed 10048K, reserved 1048576K
}
Event: 65.380 GC heap after
{Heap after GC invocations=50 (full 0):
 garbage-first heap   total 84992K, used 38014K [0x0000000090c00000, 0x0000000100000000)
  region size 1024K, 1 young (1024K), 1 survivors (1024K)
 Metaspace       used 73586K, committed 74240K, reserved 1114112K
  class space    used 9730K, committed 10048K, reserved 1048576K
}
Event: 67.620 GC heap before
{Heap before GC invocations=50 (full 0):
 garbage-first heap   total 84992K, used 73854K [0x0000000090c00000, 0x0000000100000000)
  region size 1024K, 36 young (36864K), 1 survivors (1024K)
 Metaspace       used 73591K, committed 74240K, reserved 1114112K
  class space    used 9730K, committed 10048K, reserved 1048576K
}
Event: 67.624 GC heap after
{Heap after GC invocations=51 (full 0):
 garbage-first heap   total 84992K, used 38015K [0x0000000090c00000, 0x0000000100000000)
  region size 1024K, 1 young (1024K), 1 survivors (1024K)
 Metaspace       used 73591K, committed 74240K, reserved 1114112K
  class space    used 9730K, committed 10048K, reserved 1048576K
}
Event: 69.840 GC heap before
{Heap before GC invocations=51 (full 0):
 garbage-first heap   total 84992K, used 73855K [0x0000000090c00000, 0x0000000100000000)
  region size 1024K, 36 young (36864K), 1 survivors (1024K)
 Metaspace       used 73593K, committed 74240K, reserved 1114112K
  class space    used 9730K, committed 10048K, reserved 1048576K
}
Event: 69.843 GC heap after
{Heap after GC invocations=52 (full 0):
 garbage-first heap   total 84992K, used 38032K [0x0000000090c00000, 0x0000000100000000)
  region size 1024K, 1 young (1024K), 1 survivors (1024K)
 Metaspace       used 73593K, committed 74240K, reserved 1114112K
  class space    used 9730K, committed 10048K, reserved 1048576K
}
Event: 72.059 GC heap before
{Heap before GC invocations=52 (full 0):
 garbage-first heap   total 84992K, used 73872K [0x0000000090c00000, 0x0000000100000000)
  region size 1024K, 36 young (36864K), 1 survivors (1024K)
 Metaspace       used 73598K, committed 74240K, reserved 1114112K
  class space    used 9730K, committed 10048K, reserved 1048576K
}
Event: 72.062 GC heap after
{Heap after GC invocations=53 (full 0):
 garbage-first heap   total 84992K, used 38035K [0x0000000090c00000, 0x0000000100000000)
  region size 1024K, 1 young (1024K), 1 survivors (1024K)
 Metaspace       used 73598K, committed 74240K, reserved 1114112K
  class space    used 9730K, committed 10048K, reserved 1048576K
}

Deoptimization events (20 events):
Event: 46.192 Thread 0x0000026c50b08bc0 DEOPT PACKING pc=0x0000026c36354e7e sp=0x000000e975bfe6f0
Event: 46.192 Thread 0x0000026c50b08bc0 DEOPT UNPACKING pc=0x0000026c34e82b43 sp=0x000000e975bfdba8 mode 0
Event: 48.805 Thread 0x0000026c53651020 DEOPT PACKING pc=0x0000026c3642af59 sp=0x000000e975dfe8f0
Event: 48.805 Thread 0x0000026c53651020 DEOPT UNPACKING pc=0x0000026c34e82b43 sp=0x000000e975dfdd68 mode 0
Event: 50.139 Thread 0x0000026c52d55680 DEOPT PACKING pc=0x0000026c3630552b sp=0x000000e9761fec40
Event: 50.139 Thread 0x0000026c52d55680 DEOPT UNPACKING pc=0x0000026c34e82b43 sp=0x000000e9761fe0f8 mode 0
Event: 50.710 Thread 0x0000026c52d54810 DEOPT PACKING pc=0x0000026c3564ebd6 sp=0x000000e9762fe670
Event: 50.710 Thread 0x0000026c52d54810 DEOPT UNPACKING pc=0x0000026c34e82b43 sp=0x000000e9762fda90 mode 0
Event: 51.061 Thread 0x0000026c53651020 DEOPT PACKING pc=0x0000026c36402498 sp=0x000000e975dfe450
Event: 51.061 Thread 0x0000026c53651020 DEOPT UNPACKING pc=0x0000026c34e82b43 sp=0x000000e975dfd870 mode 0
Event: 52.387 Thread 0x0000026c4e03e510 DEOPT PACKING pc=0x0000026c36478e36 sp=0x000000e975efe780
Event: 52.387 Thread 0x0000026c4e03e510 DEOPT UNPACKING pc=0x0000026c34e82b43 sp=0x000000e975efdbc8 mode 0
Event: 62.347 Thread 0x0000026c52d57d00 Uncommon trap: trap_request=0xffffff45 fr.pc=0x0000026c3cf505fc relative=0x000000000000007c
Event: 62.348 Thread 0x0000026c52d57d00 Uncommon trap: reason=unstable_if action=reinterpret pc=0x0000026c3cf505fc method=org.apache.tomcat.util.net.NioEndpoint$Poller.timeout(IZ)V @ 18 c2
Event: 62.348 Thread 0x0000026c52d57d00 DEOPT PACKING pc=0x0000026c3cf505fc sp=0x000000e9766ff2d0
Event: 62.348 Thread 0x0000026c52d57d00 DEOPT UNPACKING pc=0x0000026c34e823a3 sp=0x000000e9766ff270 mode 2
Event: 69.439 Thread 0x0000026c52d57d00 Uncommon trap: trap_request=0xffffff45 fr.pc=0x0000026c3cfbc9c8 relative=0x0000000000001cc8
Event: 69.439 Thread 0x0000026c52d57d00 Uncommon trap: reason=unstable_if action=reinterpret pc=0x0000026c3cfbc9c8 method=java.util.concurrent.locks.AbstractQueuedSynchronizer.acquire(I)V @ 5 c2
Event: 69.439 Thread 0x0000026c52d57d00 DEOPT PACKING pc=0x0000026c3cfbc9c8 sp=0x000000e9766ff1c0
Event: 69.439 Thread 0x0000026c52d57d00 DEOPT UNPACKING pc=0x0000026c34e823a3 sp=0x000000e9766fedb0 mode 2

Classes unloaded (18 events):
Event: 27.426 Thread 0x0000026c4ad86130 Unloading class 0x0000000801360400 'jdk/internal/reflect/GeneratedSerializationConstructorAccessor2'
Event: 27.426 Thread 0x0000026c4ad86130 Unloading class 0x000000080135c400 'jdk/internal/reflect/GeneratedSerializationConstructorAccessor1'
Event: 29.293 Thread 0x0000026c4ad86130 Unloading class 0x0000000801370c00 'jdk/internal/reflect/GeneratedSerializationConstructorAccessor8'
Event: 29.293 Thread 0x0000026c4ad86130 Unloading class 0x0000000801369c00 'jdk/internal/reflect/GeneratedSerializationConstructorAccessor7'
Event: 29.294 Thread 0x0000026c4ad86130 Unloading class 0x0000000801369800 'jdk/internal/reflect/GeneratedSerializationConstructorAccessor6'
Event: 29.294 Thread 0x0000026c4ad86130 Unloading class 0x0000000801368c00 'jdk/internal/reflect/GeneratedSerializationConstructorAccessor5'
Event: 29.294 Thread 0x0000026c4ad86130 Unloading class 0x0000000801368800 'jdk/internal/reflect/GeneratedSerializationConstructorAccessor4'
Event: 29.294 Thread 0x0000026c4ad86130 Unloading class 0x0000000801360800 'jdk/internal/reflect/GeneratedSerializationConstructorAccessor3'
Event: 30.636 Thread 0x0000026c4ad86130 Unloading class 0x0000000801405400 'jdk/internal/reflect/GeneratedSerializationConstructorAccessor10'
Event: 30.636 Thread 0x0000026c4ad86130 Unloading class 0x0000000801404400 'jdk/internal/reflect/GeneratedSerializationConstructorAccessor9'
Event: 32.709 Thread 0x0000026c4ad86130 Unloading class 0x0000000801498000 'jdk/internal/reflect/GeneratedSerializationConstructorAccessor17'
Event: 32.709 Thread 0x0000026c4ad86130 Unloading class 0x0000000801368800 'jdk/internal/reflect/GeneratedSerializationConstructorAccessor16'
Event: 32.709 Thread 0x0000026c4ad86130 Unloading class 0x0000000801360800 'jdk/internal/reflect/GeneratedSerializationConstructorAccessor15'
Event: 32.709 Thread 0x0000026c4ad86130 Unloading class 0x0000000801370c00 'jdk/internal/reflect/GeneratedSerializationConstructorAccessor14'
Event: 32.709 Thread 0x0000026c4ad86130 Unloading class 0x000000080143c000 'jdk/internal/reflect/GeneratedSerializationConstructorAccessor13'
Event: 32.709 Thread 0x0000026c4ad86130 Unloading class 0x0000000801360400 'jdk/internal/reflect/GeneratedSerializationConstructorAccessor12'
Event: 32.709 Thread 0x0000026c4ad86130 Unloading class 0x0000000801405800 'jdk/internal/reflect/GeneratedSerializationConstructorAccessor11'
Event: 39.024 Thread 0x0000026c4ad86130 Unloading class 0x0000000801498800 'jdk/internal/reflect/GeneratedSerializationConstructorAccessor18'

Classes redefined (0 events):
No events

Internal exceptions (20 events):
Event: 28.322 Thread 0x0000026c4c357060 Exception <a 'java/lang/NoSuchMethodError'{0x0000000096df7cf0}: 'java.lang.Object java.lang.invoke.DirectMethodHandle$Holder.newInvokeSpecial(java.lang.Object, java.lang.Object, java.lang.Object, java.lang.Object, java.lang.Object, int, java.lang.Object)'> (0x0000000096df7cf0) 
thrown [t:\workspace\open\src\hotspot\share\interpreter\linkResolver.cpp, line 766]
Event: 28.323 Thread 0x0000026c4c357060 Exception <a 'java/lang/NoSuchMethodError'{0x0000000096dfcee0}: 'java.lang.Object java.lang.invoke.DirectMethodHandle$Holder.invokeSpecial(java.lang.Object, java.lang.Object, java.lang.Object, java.lang.Object, java.lang.Object, java.lang.Object, int, java.lang.Object)'> (0x0000000096dfcee0) 
thrown [t:\workspace\open\src\hotspot\share\interpreter\linkResolver.cpp, line 766]
Event: 28.357 Thread 0x0000026c4c357060 Implicit null exception at 0x0000026c3cced19b to 0x0000026c3cced8bc
Event: 28.383 Thread 0x0000026c4c357060 Implicit null exception at 0x0000026c3ccee1d9 to 0x0000026c3cceeae0
Event: 29.176 Thread 0x0000026c4c357060 Exception <a 'java/lang/reflect/InvocationTargetException'{0x000000009399d470}> (0x000000009399d470) 
thrown [t:\workspace\open\src\hotspot\share\runtime\reflection.cpp, line 1121]
Event: 30.022 Thread 0x0000026c4c357060 Implicit null exception at 0x0000026c3c9b983d to 0x0000026c3c9b98f6
Event: 30.951 Thread 0x0000026c4c357060 Exception <a 'java/lang/IncompatibleClassChangeError'{0x0000000096ae68f8}: Found class java.lang.Object, but interface was expected> (0x0000000096ae68f8) 
thrown [t:\workspace\open\src\hotspot\share\interpreter\linkResolver.cpp, line 833]
Event: 31.803 Thread 0x0000026c4c357060 Exception <a 'java/lang/NoSuchMethodError'{0x0000000096b9c6a8}: 'int java.lang.invoke.DirectMethodHandle$Holder.invokeStaticInit(java.lang.Object, java.lang.Object, java.lang.Object, java.lang.Object)'> (0x0000000096b9c6a8) 
thrown [t:\workspace\open\src\hotspot\share\interpreter\linkResolver.cpp, line 766]
Event: 31.900 Thread 0x0000026c4c357060 Implicit null exception at 0x0000026c3ccd179e to 0x0000026c3ccd19d8
Event: 32.281 Thread 0x0000026c4c357060 Exception <a 'java/lang/NoSuchMethodError'{0x00000000940b79a8}: 'java.lang.Object java.lang.invoke.DirectMethodHandle$Holder.newInvokeSpecial(java.lang.Object, java.lang.Object, int, java.lang.Object, java.lang.Object)'> (0x00000000940b79a8) 
thrown [t:\workspace\open\src\hotspot\share\interpreter\linkResolver.cpp, line 766]
Event: 32.284 Thread 0x0000026c4c357060 Exception <a 'java/lang/NoSuchMethodError'{0x00000000940c3020}: 'java.lang.Object java.lang.invoke.DirectMethodHandle$Holder.invokeSpecial(java.lang.Object, java.lang.Object, int, java.lang.Object, int, java.lang.Object)'> (0x00000000940c3020) 
thrown [t:\workspace\open\src\hotspot\share\interpreter\linkResolver.cpp, line 766]
Event: 32.288 Thread 0x0000026c4c357060 Exception <a 'java/lang/NoSuchMethodError'{0x00000000940cb0d0}: 'java.lang.Object java.lang.invoke.DirectMethodHandle$Holder.newInvokeSpecial(java.lang.Object, java.lang.Object, int, java.lang.Object, int)'> (0x00000000940cb0d0) 
thrown [t:\workspace\open\src\hotspot\share\interpreter\linkResolver.cpp, line 766]
Event: 32.289 Thread 0x0000026c4c357060 Exception <a 'java/lang/NoSuchMethodError'{0x00000000940cf1d0}: 'java.lang.Object java.lang.invoke.DirectMethodHandle$Holder.invokeSpecial(java.lang.Object, java.lang.Object, java.lang.Object, int, java.lang.Object, int)'> (0x00000000940cf1d0) 
thrown [t:\workspace\open\src\hotspot\share\interpreter\linkResolver.cpp, line 766]
Event: 32.604 Thread 0x0000026c50be8350 Exception <a 'java/lang/NoSuchMethodError'{0x00000000939c8340}: 'java.lang.Object java.lang.invoke.DirectMethodHandle$Holder.invokeInterface(java.lang.Object, java.lang.Object, java.lang.Object, java.lang.Object)'> (0x00000000939c8340) 
thrown [t:\workspace\open\src\hotspot\share\interpreter\linkResolver.cpp, line 766]
Event: 32.854 Thread 0x0000026c50be8350 Exception <a 'java/lang/IncompatibleClassChangeError'{0x0000000096d45308}: Found class java.lang.Object, but interface was expected> (0x0000000096d45308) 
thrown [t:\workspace\open\src\hotspot\share\interpreter\linkResolver.cpp, line 833]
Event: 33.385 Thread 0x0000026c50be8350 Exception <a 'java/lang/NoSuchMethodError'{0x00000000947054d0}: 'java.lang.Object java.lang.invoke.DirectMethodHandle$Holder.newInvokeSpecial(java.lang.Object, java.lang.Object, java.lang.Object, long)'> (0x00000000947054d0) 
thrown [t:\workspace\open\src\hotspot\share\interpreter\linkResolver.cpp, line 766]
Event: 33.386 Thread 0x0000026c50be8350 Exception <a 'java/lang/NoSuchMethodError'{0x00000000947097c8}: 'java.lang.Object java.lang.invoke.DirectMethodHandle$Holder.invokeSpecial(java.lang.Object, java.lang.Object, java.lang.Object, java.lang.Object, long)'> (0x00000000947097c8) 
thrown [t:\workspace\open\src\hotspot\share\interpreter\linkResolver.cpp, line 766]
Event: 33.386 Thread 0x0000026c50be8350 Exception <a 'java/lang/NoSuchMethodError'{0x000000009470d398}: 'java.lang.Object java.lang.invoke.Invokers$Holder.linkToTargetMethod(java.lang.Object, java.lang.Object, long, java.lang.Object)'> (0x000000009470d398) 
thrown [t:\workspace\open\src\hotspot\share\interpreter\linkResolver.cpp, line 766]
Event: 35.851 Thread 0x0000026c50b08bc0 Exception <a 'java/lang/NoSuchMethodError'{0x0000000094527410}: 'java.lang.Object java.lang.invoke.DirectMethodHandle$Holder.invokeSpecial(java.lang.Object, java.lang.Object, java.lang.Object, java.lang.Object, java.lang.Object, long)'> (0x0000000094527410) 
thrown [t:\workspace\open\src\hotspot\share\interpreter\linkResolver.cpp, line 766]
Event: 35.852 Thread 0x0000026c50b08bc0 Exception <a 'java/lang/NoSuchMethodError'{0x000000009452ae50}: 'java.lang.Object java.lang.invoke.Invokers$Holder.linkToTargetMethod(java.lang.Object, java.lang.Object, java.lang.Object, long, java.lang.Object)'> (0x000000009452ae50) 
thrown [t:\workspace\open\src\hotspot\share\interpreter\linkResolver.cpp, line 766]

VM Operations (20 events):
Event: 62.989 Executing VM operation: G1CollectForAllocation
Event: 62.992 Executing VM operation: G1CollectForAllocation done
Event: 63.999 Executing VM operation: Cleanup
Event: 64.000 Executing VM operation: Cleanup done
Event: 65.008 Executing VM operation: Cleanup
Event: 65.008 Executing VM operation: Cleanup done
Event: 65.377 Executing VM operation: G1CollectForAllocation
Event: 65.380 Executing VM operation: G1CollectForAllocation done
Event: 67.385 Executing VM operation: Cleanup
Event: 67.385 Executing VM operation: Cleanup done
Event: 67.620 Executing VM operation: G1CollectForAllocation
Event: 67.624 Executing VM operation: G1CollectForAllocation done
Event: 68.635 Executing VM operation: Cleanup
Event: 68.636 Executing VM operation: Cleanup done
Event: 69.840 Executing VM operation: G1CollectForAllocation
Event: 69.843 Executing VM operation: G1CollectForAllocation done
Event: 71.862 Executing VM operation: Cleanup
Event: 71.862 Executing VM operation: Cleanup done
Event: 72.059 Executing VM operation: G1CollectForAllocation
Event: 72.062 Executing VM operation: G1CollectForAllocation done

Events (20 events):
Event: 47.803 Thread 0x0000026c4ff70e90 Thread added: 0x0000026c4ff70e90
Event: 48.520 Thread 0x0000026c4ff70e90 Thread exited: 0x0000026c4ff70e90
Event: 48.870 loading class jdk/internal/misc/ScopedMemoryAccess$Scope$Handle
Event: 48.883 loading class jdk/internal/misc/ScopedMemoryAccess$Scope$Handle done
Event: 49.007 Thread 0x0000026c4ff6f540 Thread added: 0x0000026c4ff6f540
Event: 49.910 loading class sun/util/locale/LocaleExtensions
Event: 49.919 loading class sun/util/locale/LocaleExtensions done
Event: 51.372 Thread 0x0000026c4ff6f540 Thread exited: 0x0000026c4ff6f540
Event: 51.958 Thread 0x0000026c4ff71dc0 Thread added: 0x0000026c4ff71dc0
Event: 53.094 Thread 0x0000026c4ff71dc0 Thread exited: 0x0000026c4ff71dc0
Event: 56.246 Thread 0x0000026c4add05a0 flushing nmethod 0x0000026c35e06c10
Event: 56.252 Thread 0x0000026c4add05a0 flushing nmethod 0x0000026c361dc110
Event: 56.252 Thread 0x0000026c4add05a0 flushing nmethod 0x0000026c361efa10
Event: 56.252 Thread 0x0000026c4add05a0 flushing nmethod 0x0000026c36227e10
Event: 58.026 Thread 0x0000026c4ff70e90 Thread added: 0x0000026c4ff70e90
Event: 58.562 Thread 0x0000026c4ff70e90 Thread exited: 0x0000026c4ff70e90
Event: 60.452 Thread 0x0000026c4ff70e90 Thread added: 0x0000026c4ff70e90
Event: 62.534 Thread 0x0000026c4ff70e90 Thread exited: 0x0000026c4ff70e90
Event: 69.939 loading class javax/crypto/spec/OAEPParameterSpec
Event: 69.939 loading class javax/crypto/spec/OAEPParameterSpec done


Dynamic libraries:
0x00007ff6af7c0000 - 0x00007ff6af7d0000 	C:\Program Files\Java\jdk-17.0.3.1\bin\java.exe
0x00007ffacf790000 - 0x00007ffacf9a7000 	C:\WINDOWS\SYSTEM32\ntdll.dll
0x00007fface7c0000 - 0x00007fface884000 	C:\WINDOWS\System32\KERNEL32.dll
0x00007ffacc900000 - 0x00007ffacca1b000 	C:\Windows\system32\hmpalert.dll
0x00007ffaccb00000 - 0x00007ffaccea6000 	C:\WINDOWS\System32\KERNELBASE.dll
0x00007ffacd3c0000 - 0x00007ffacd4d1000 	C:\WINDOWS\System32\ucrtbase.dll
0x00007ffaba250000 - 0x00007ffaba268000 	C:\Program Files\Java\jdk-17.0.3.1\bin\jli.dll
0x00007ffacd4f0000 - 0x00007ffacd5a1000 	C:\WINDOWS\System32\ADVAPI32.dll
0x00007fface2d0000 - 0x00007fface377000 	C:\WINDOWS\System32\msvcrt.dll
0x00007ffacdb60000 - 0x00007ffacdc05000 	C:\WINDOWS\System32\sechost.dll
0x00007ffaba200000 - 0x00007ffaba21a000 	C:\Program Files\Java\jdk-17.0.3.1\bin\VCRUNTIME140.dll
0x00007ffacf100000 - 0x00007ffacf217000 	C:\WINDOWS\System32\RPCRT4.dll
0x00007ffacd8b0000 - 0x00007ffacda5e000 	C:\WINDOWS\System32\USER32.dll
0x00007ffacd270000 - 0x00007ffacd296000 	C:\WINDOWS\System32\win32u.dll
0x00007fface250000 - 0x00007fface279000 	C:\WINDOWS\System32\GDI32.dll
0x00007ffacceb0000 - 0x00007ffaccfc8000 	C:\WINDOWS\System32\gdi32full.dll
0x00007ffacd320000 - 0x00007ffacd3ba000 	C:\WINDOWS\System32\msvcp_win.dll
0x00007ffab6b90000 - 0x00007ffab6e23000 	C:\WINDOWS\WinSxS\amd64_microsoft.windows.common-controls_6595b64144ccf1df_6.0.22621.2506_none_270c5ae97388e100\COMCTL32.dll
0x00007ffac6aa0000 - 0x00007ffac6aaa000 	C:\WINDOWS\SYSTEM32\VERSION.dll
0x00007fface290000 - 0x00007fface2c1000 	C:\WINDOWS\System32\IMM32.DLL
0x00007ffac7e80000 - 0x00007ffac7e8c000 	C:\Program Files\Java\jdk-17.0.3.1\bin\vcruntime140_1.dll
0x00007ffa9ee20000 - 0x00007ffa9eead000 	C:\Program Files\Java\jdk-17.0.3.1\bin\msvcp140.dll
0x00007ffa232d0000 - 0x00007ffa23e90000 	C:\Program Files\Java\jdk-17.0.3.1\bin\server\jvm.dll
0x00007fface890000 - 0x00007fface898000 	C:\WINDOWS\System32\PSAPI.DLL
0x00007ffac5b50000 - 0x00007ffac5b59000 	C:\WINDOWS\SYSTEM32\WSOCK32.dll
0x00007ffacdac0000 - 0x00007ffacdb31000 	C:\WINDOWS\System32\WS2_32.dll
0x00007ffac6100000 - 0x00007ffac6134000 	C:\WINDOWS\SYSTEM32\WINMM.dll
0x00007ffacb9a0000 - 0x00007ffacb9b8000 	C:\WINDOWS\SYSTEM32\kernel.appcore.dll
0x00007ffac6dc0000 - 0x00007ffac6dca000 	C:\Program Files\Java\jdk-17.0.3.1\bin\jimage.dll
0x00007ffaca340000 - 0x00007ffaca573000 	C:\WINDOWS\SYSTEM32\DBGHELP.DLL
0x00007ffacdec0000 - 0x00007fface249000 	C:\WINDOWS\System32\combase.dll
0x00007fface520000 - 0x00007fface5f7000 	C:\WINDOWS\System32\OLEAUT32.dll
0x00007ffab7f50000 - 0x00007ffab7f82000 	C:\WINDOWS\SYSTEM32\dbgcore.DLL
0x00007ffacd2a0000 - 0x00007ffacd31a000 	C:\WINDOWS\System32\bcryptPrimitives.dll
0x00007ffab2ba0000 - 0x00007ffab2bc5000 	C:\Program Files\Java\jdk-17.0.3.1\bin\java.dll
0x00007ffa8c910000 - 0x00007ffa8c9e6000 	C:\Program Files\Java\jdk-17.0.3.1\bin\jsvml.dll
0x00007fface8a0000 - 0x00007ffacf0fa000 	C:\WINDOWS\System32\SHELL32.dll
0x00007ffaca8b0000 - 0x00007ffacb1a6000 	C:\WINDOWS\SYSTEM32\windows.storage.dll
0x00007ffaca770000 - 0x00007ffaca8ae000 	C:\WINDOWS\SYSTEM32\wintypes.dll
0x00007ffacdc30000 - 0x00007ffacdd23000 	C:\WINDOWS\System32\SHCORE.dll
0x00007fface600000 - 0x00007fface65e000 	C:\WINDOWS\System32\shlwapi.dll
0x00007ffacca30000 - 0x00007ffacca56000 	C:\WINDOWS\SYSTEM32\profapi.dll
0x00007ffab7220000 - 0x00007ffab7239000 	C:\Program Files\Java\jdk-17.0.3.1\bin\net.dll
0x00007ffac6440000 - 0x00007ffac6577000 	C:\WINDOWS\SYSTEM32\WINHTTP.dll
0x00007ffacbe20000 - 0x00007ffacbe89000 	C:\WINDOWS\system32\mswsock.dll
0x00007ffab6330000 - 0x00007ffab6346000 	C:\Program Files\Java\jdk-17.0.3.1\bin\nio.dll
0x00007ffab6130000 - 0x00007ffab6148000 	C:\Program Files\Java\jdk-17.0.3.1\bin\zip.dll
0x00007ffabfc00000 - 0x00007ffabfc09000 	C:\Program Files\Java\jdk-17.0.3.1\bin\management.dll
0x00007ffabf730000 - 0x00007ffabf73b000 	C:\Program Files\Java\jdk-17.0.3.1\bin\management_ext.dll
0x00007ffac6d90000 - 0x00007ffac6da0000 	C:\Program Files\Java\jdk-17.0.3.1\bin\verify.dll
0x00007ffacc050000 - 0x00007ffacc06b000 	C:\WINDOWS\SYSTEM32\CRYPTSP.dll
0x00007ffacb900000 - 0x00007ffacb935000 	C:\WINDOWS\system32\rsaenh.dll
0x00007ffacbee0000 - 0x00007ffacbf0c000 	C:\WINDOWS\SYSTEM32\USERENV.dll
0x00007ffacc2a0000 - 0x00007ffacc2c8000 	C:\WINDOWS\SYSTEM32\bcrypt.dll
0x00007ffacc070000 - 0x00007ffacc07c000 	C:\WINDOWS\SYSTEM32\CRYPTBASE.dll
0x00007ffacb410000 - 0x00007ffacb43d000 	C:\WINDOWS\SYSTEM32\IPHLPAPI.DLL
0x00007fface280000 - 0x00007fface289000 	C:\WINDOWS\System32\NSI.dll
0x00007ffac6810000 - 0x00007ffac6829000 	C:\WINDOWS\SYSTEM32\dhcpcsvc6.DLL
0x00007ffac6330000 - 0x00007ffac634f000 	C:\WINDOWS\SYSTEM32\dhcpcsvc.DLL
0x00007ffacb480000 - 0x00007ffacb579000 	C:\WINDOWS\SYSTEM32\DNSAPI.dll
0x00007ffac7f20000 - 0x00007ffac7f2e000 	C:\Program Files\Java\jdk-17.0.3.1\bin\sunmscapi.dll
0x00007ffacd100000 - 0x00007ffacd266000 	C:\WINDOWS\System32\CRYPT32.dll
0x00007ffacc270000 - 0x00007ffacc29d000 	C:\WINDOWS\SYSTEM32\ncrypt.dll
0x00007ffacc230000 - 0x00007ffacc267000 	C:\WINDOWS\SYSTEM32\NTASN1.dll
0x00007ffac50c0000 - 0x00007ffac50ca000 	C:\Windows\System32\rasadhlp.dll
0x00007ffac5680000 - 0x00007ffac5703000 	C:\WINDOWS\System32\fwpuclnt.dll
0x00007ffac5a70000 - 0x00007ffac5a87000 	C:\WINDOWS\system32\napinsp.dll
0x00007ffac5a40000 - 0x00007ffac5a5b000 	C:\WINDOWS\system32\pnrpnsp.dll
0x00007ffac5a20000 - 0x00007ffac5a31000 	C:\WINDOWS\System32\winrnr.dll
0x00007ffac5a00000 - 0x00007ffac5a15000 	C:\WINDOWS\system32\wshbth.dll
0x00007ffac59d0000 - 0x00007ffac59f1000 	C:\WINDOWS\system32\nlansp_c.dll
0x00007ffac7e60000 - 0x00007ffac7e68000 	C:\WINDOWS\system32\wshunix.dll
0x00007ffac8080000 - 0x00007ffac808d000 	C:\WINDOWS\SYSTEM32\WINNSI.DLL

dbghelp: loaded successfully - version: 4.0.5 - missing functions: none
symbol engine: initialized successfully - sym options: 0x614 - pdb path: .;C:\Program Files\Java\jdk-17.0.3.1\bin;C:\WINDOWS\SYSTEM32;C:\WINDOWS\WinSxS\amd64_microsoft.windows.common-controls_6595b64144ccf1df_6.0.22621.2506_none_270c5ae97388e100;C:\Program Files\Java\jdk-17.0.3.1\bin\server

VM Arguments:
java_command: net.ultrafibra.utilidades.UtilidadesUltraFibraApplication
java_class_path (initial): C:\Users\nlore\OneDrive\Documents\NetBeansProjects\net.ultrafibra_utilidades_v2\target\classes;C:\Users\nlore\.m2\repository\org\springframework\boot\spring-boot-starter-web\3.0.6\spring-boot-starter-web-3.0.6.jar;C:\Users\nlore\.m2\repository\org\springframework\boot\spring-boot-starter\3.0.6\spring-boot-starter-3.0.6.jar;C:\Users\nlore\.m2\repository\org\springframework\boot\spring-boot-starter-logging\3.0.6\spring-boot-starter-logging-3.0.6.jar;C:\Users\nlore\.m2\repository\ch\qos\logback\logback-classic\1.4.7\logback-classic-1.4.7.jar;C:\Users\nlore\.m2\repository\ch\qos\logback\logback-core\1.4.7\logback-core-1.4.7.jar;C:\Users\nlore\.m2\repository\org\apache\logging\log4j\log4j-to-slf4j\2.19.0\log4j-to-slf4j-2.19.0.jar;C:\Users\nlore\.m2\repository\org\slf4j\jul-to-slf4j\2.0.7\jul-to-slf4j-2.0.7.jar;C:\Users\nlore\.m2\repository\jakarta\annotation\jakarta.annotation-api\2.1.1\jakarta.annotation-api-2.1.1.jar;C:\Users\nlore\.m2\repository\org\yaml\snakeyaml\1.33\snakeyaml-1.33.jar;C:\Users\nlore\.m2\repository\org\springframework\boot\spring-boot-starter-json\3.0.6\spring-boot-starter-json-3.0.6.jar;C:\Users\nlore\.m2\repository\com\fasterxml\jackson\datatype\jackson-datatype-jdk8\2.14.2\jackson-datatype-jdk8-2.14.2.jar;C:\Users\nlore\.m2\repository\com\fasterxml\jackson\datatype\jackson-datatype-jsr310\2.14.2\jackson-datatype-jsr310-2.14.2.jar;C:\Users\nlore\.m2\repository\com\fasterxml\jackson\module\jackson-module-parameter-names\2.14.2\jackson-module-parameter-names-2.14.2.jar;C:\Users\nlore\.m2\repository\org\springframework\boot\spring-boot-starter-tomcat\3.0.6\spring-boot-starter-tomcat-3.0.6.jar;C:\Users\nlore\.m2\repository\org\apache\tomcat\embed\tomcat-embed-core\10.1.8\tomcat-embed-core-10.1.8.jar;C:\Users\nlore\.m2\repository\org\apache\tomcat\embed\tomcat-embed-el\10.1.8\tomcat-embed-el-10.1.8.jar;C:\Users\nlore\.m2\repository\org\apache\tomcat\embed\tomcat-embed-websocket\10.1.8\tomcat-embed-websocket-10.1.8.jar;C:\Us
Launcher Type: SUN_STANDARD

[Global flags]
     intx CICompilerCount                          = 4                                         {product} {ergonomic}
     uint ConcGCThreads                            = 2                                         {product} {ergonomic}
     uint G1ConcRefinementThreads                  = 8                                         {product} {ergonomic}
   size_t G1HeapRegionSize                         = 1048576                                   {product} {ergonomic}
    uintx GCDrainStackTargetSize                   = 64                                        {product} {ergonomic}
   size_t InitialHeapSize                          = 117440512                                 {product} {ergonomic}
   size_t MarkStackSize                            = 4194304                                   {product} {ergonomic}
   size_t MaxHeapSize                              = 1866465280                                {product} {ergonomic}
   size_t MaxNewSize                               = 1119879168                                {product} {ergonomic}
   size_t MinHeapDeltaBytes                        = 1048576                                   {product} {ergonomic}
   size_t MinHeapSize                              = 8388608                                   {product} {ergonomic}
    uintx NonNMethodCodeHeapSize                   = 5839372                                {pd product} {ergonomic}
    uintx NonProfiledCodeHeapSize                  = 122909434                              {pd product} {ergonomic}
    uintx ProfiledCodeHeapSize                     = 122909434                              {pd product} {ergonomic}
    uintx ReservedCodeCacheSize                    = 251658240                              {pd product} {ergonomic}
     bool SegmentedCodeCache                       = true                                      {product} {ergonomic}
   size_t SoftMaxHeapSize                          = 1866465280                             {manageable} {ergonomic}
     bool UseCompressedClassPointers               = true                           {product lp64_product} {ergonomic}
     bool UseCompressedOops                        = true                           {product lp64_product} {ergonomic}
     bool UseG1GC                                  = true                                      {product} {ergonomic}
     bool UseLargePagesIndividualAllocation        = false                                  {pd product} {ergonomic}

Logging:
Log output configuration:
 #0: stdout all=warning uptime,level,tags
 #1: stderr all=off uptime,level,tags

Environment Variables:
JAVA_HOME=C:\Program Files\Java\jdk-17.0.3.1
PATH=C:\Program Files\Common Files\Oracle\Java\javapath;C:\Program Files (x86)\Common Files\Oracle\Java\javapath;C:\ProgramData\Oracle\Java\javapath;C:\WINDOWS\system32;C:\WINDOWS;C:\WINDOWS\System32\Wbem;C:\WINDOWS\System32\WindowsPowerShell\v1.0\;C:\WINDOWS\System32\OpenSSH\;C:\Program Files (x86)\AOMEI\AOMEI Backupper 6.4.0;C:\Program Files (x86)\AOMEI\AOMEI Backupper\6.7.0(1);C:\Program Files\dotnet\;C:\Program Files\Git\cmd;C:\WINDOWS\system32;C:\WINDOWS;C:\WINDOWS\System32\Wbem;C:\WINDOWS\System32\WindowsPowerShell\v1.0\;C:\WINDOWS\System32\OpenSSH\;C:\Program Files\nodejs\;C:\Program Files\PostgreSQL\15\bin;C:\Program Files (x86)\Java\jre1.8.0_361\bin\;;C:\Program Files\Docker\Docker\resources\bin;C:\Users\nlore\AppData\Local\Programs\Python\Python311\Scripts\;C:\Users\nlore\AppData\Local\Programs\Python\Python311\;C:\Users\nlore\AppData\Local\Microsoft\WindowsApps;C:\Users\nlore\.dotnet\tools;C:\Users\nlore\AppData\Local\GitHubDesktop\bin;C:\Users\nlore\AppData\Roaming\npm;C:\Users\nlore\AppData\Local\Programs\Microsoft VS Code\bin
USERNAME=nlore
OS=Windows_NT
PROCESSOR_IDENTIFIER=AMD64 Family 23 Model 24 Stepping 1, AuthenticAMD



---------------  S Y S T E M  ---------------

OS:
 Windows 11 , 64 bit Build 22621 (10.0.22621.2506)
OS uptime: 5 days 1:22 hours
Hyper-V role detected

CPU: total 8 (initial active 8) (8 cores per cpu, 2 threads per core) family 23 model 24 stepping 1 microcode 0x0, cx8, cmov, fxsr, ht, mmx, 3dnowpref, sse, sse2, sse3, ssse3, sse4a, sse4.1, sse4.2, popcnt, lzcnt, tsc, tscinvbit, avx, avx2, aes, clmul, bmi1, bmi2, adx, sha, fma, vzeroupper, clflush, clflushopt, hv

Memory: 4k page, system-wide physical 7115M (302M free)
TotalPageFile size 28619M (AvailPageFile size 0M)
current process WorkingSet (physical memory assigned to process): 289M, peak: 323M
current process commit charge ("private bytes"): 332M, peak: 366M

vm_info: Java HotSpot(TM) 64-Bit Server VM (17.0.3.1+2-LTS-6) for windows-amd64 JRE (17.0.3.1+2-LTS-6), built on Apr 25 2022 22:04:21 by "mach5one" with MS VC++ 16.8 / 16.9 (VS2019)

END.
