#
# There is insufficient memory for the Java Runtime Environment to continue.
# Native memory allocation (malloc) failed to allocate 260752 bytes for Chunk::new
# Possible reasons:
#   The system is out of physical RAM or swap space
#   The process is running with CompressedOops enabled, and the Java Heap may be blocking the growth of the native heap
# Possible solutions:
#   Reduce memory load on the system
#   Increase physical memory or swap space
#   Check if swap backing store is full
#   Decrease Java heap size (-Xmx/-Xms)
#   Decrease number of Java threads
#   Decrease Java thread stack sizes (-Xss)
#   Set larger code cache with -XX:ReservedCodeCacheSize=
#   JVM is running with Unscaled Compressed Oops mode in which the Java heap is
#     placed in the first 4GB address space. The Java Heap base address is the
#     maximum limit for the native heap growth. Please use -XX:HeapBaseMinAddress
#     to set the Java Heap base and to place the Java Heap above 4GB virtual address.
# This output file may be truncated or incomplete.
#
#  Out of Memory Error (arena.cpp:189), pid=4960, tid=24188
#
# JRE version: Java(TM) SE Runtime Environment (17.0.3.1+2) (build 17.0.3.1+2-LTS-6)
# Java VM: Java HotSpot(TM) 64-Bit Server VM (17.0.3.1+2-LTS-6, mixed mode, sharing, tiered, compressed oops, compressed class ptrs, g1 gc, windows-amd64)
# No core dump will be written. Minidumps are not enabled by default on client versions of Windows
#

---------------  S U M M A R Y ------------

Command Line: net.ultrafibra.utilidades.UtilidadesUltraFibraApplication

Host: AMD Ryzen 7 3700U with Radeon Vega Mobile Gfx  , 8 cores, 6G,  Windows 11 , 64 bit Build 22621 (10.0.22621.2506)
Time: Tue Jan  9 14:40:54 2024 Hora estándar de Argentina elapsed time: 136.903021 seconds (0d 0h 2m 16s)

---------------  T H R E A D  ---------------

Current thread (0x000001d87c73e7c0):  JavaThread "C2 CompilerThread0" daemon [_thread_in_native, id=24188, stack(0x000000a9f1200000,0x000000a9f1300000)]


Current CompileTask:
C2: 136904 10980   !   4       org.springframework.web.filter.RequestContextFilter::doFilterInternal (107 bytes)

Stack: [0x000000a9f1200000,0x000000a9f1300000]
Native frames: (J=compiled Java code, j=interpreted, Vv=VM code, C=native code)
V  [jvm.dll+0x6711ba]
V  [jvm.dll+0x7d0834]
V  [jvm.dll+0x7d1fde]
V  [jvm.dll+0x7d2643]
V  [jvm.dll+0x242c85]
V  [jvm.dll+0xaa57b]
V  [jvm.dll+0xaab0c]
V  [jvm.dll+0x11baf7]
V  [jvm.dll+0x604835]
V  [jvm.dll+0x602f04]
V  [jvm.dll+0x215bd8]
V  [jvm.dll+0x215181]
V  [jvm.dll+0x1a1c3d]
V  [jvm.dll+0x2249c8]
V  [jvm.dll+0x222b2c]
V  [jvm.dll+0x78650b]
V  [jvm.dll+0x780aca]
V  [jvm.dll+0x670045]
C  [ucrtbase.dll+0x29363]
C  [KERNEL32.dll+0x1257d]
C  [ntdll.dll+0x5aa58]


---------------  P R O C E S S  ---------------

Threads class SMR info:
_java_thread_list=0x000001d803e123e0, length=40, elements={
0x000001d87c71e440, 0x000001d87c71f2b0, 0x000001d87c736570, 0x000001d87c737030,
0x000001d87c739a00, 0x000001d87c73a2c0, 0x000001d87c73e7c0, 0x000001d87c73f170,
0x000001d87c752240, 0x000001d87d1fca40, 0x000001d87d206840, 0x000001d800abff20,
0x000001d8018b6a00, 0x000001d800b71980, 0x000001d87d8bf230, 0x000001d87d8be3c0,
0x000001d87d8bed60, 0x000001d87d8c0a40, 0x000001d87d8bd080, 0x000001d803a4d960,
0x000001d803a4e300, 0x000001d803a4de30, 0x000001d803a4c620, 0x000001d803a4ae10,
0x000001d803a49600, 0x000001d803a4caf0, 0x000001d803a4c150, 0x000001d803a4e7d0,
0x000001d803a4eca0, 0x000001d803a4f170, 0x000001d803a4f640, 0x000001d803a4cfc0,
0x000001d803a49130, 0x000001d803a47df0, 0x000001d803a482c0, 0x000001d803a48c60,
0x000001d803a4b2e0, 0x000001d803a4bc80, 0x000001d803a49fa0, 0x000001d87d938ee0
}

Java Threads: ( => current thread )
  0x000001d87c71e440 JavaThread "Reference Handler" daemon [_thread_blocked, id=23772, stack(0x000000a9f0c00000,0x000000a9f0d00000)]
  0x000001d87c71f2b0 JavaThread "Finalizer" daemon [_thread_blocked, id=20908, stack(0x000000a9f0d00000,0x000000a9f0e00000)]
  0x000001d87c736570 JavaThread "Signal Dispatcher" daemon [_thread_blocked, id=7540, stack(0x000000a9f0e00000,0x000000a9f0f00000)]
  0x000001d87c737030 JavaThread "Attach Listener" daemon [_thread_blocked, id=22248, stack(0x000000a9f0f00000,0x000000a9f1000000)]
  0x000001d87c739a00 JavaThread "Service Thread" daemon [_thread_blocked, id=22888, stack(0x000000a9f1000000,0x000000a9f1100000)]
  0x000001d87c73a2c0 JavaThread "Monitor Deflation Thread" daemon [_thread_blocked, id=17204, stack(0x000000a9f1100000,0x000000a9f1200000)]
=>0x000001d87c73e7c0 JavaThread "C2 CompilerThread0" daemon [_thread_in_native, id=24188, stack(0x000000a9f1200000,0x000000a9f1300000)]
  0x000001d87c73f170 JavaThread "C1 CompilerThread0" daemon [_thread_blocked, id=3804, stack(0x000000a9f1300000,0x000000a9f1400000)]
  0x000001d87c752240 JavaThread "Sweeper thread" daemon [_thread_blocked, id=8392, stack(0x000000a9f1400000,0x000000a9f1500000)]
  0x000001d87d1fca40 JavaThread "Notification Thread" daemon [_thread_blocked, id=24056, stack(0x000000a9f1500000,0x000000a9f1600000)]
  0x000001d87d206840 JavaThread "Common-Cleaner" daemon [_thread_blocked, id=22476, stack(0x000000a9f1700000,0x000000a9f1800000)]
  0x000001d800abff20 JavaThread "Catalina-utility-1" [_thread_blocked, id=21576, stack(0x000000a9f2300000,0x000000a9f2400000)]
  0x000001d8018b6a00 JavaThread "Catalina-utility-2" [_thread_blocked, id=25304, stack(0x000000a9f2400000,0x000000a9f2500000)]
  0x000001d800b71980 JavaThread "container-0" [_thread_blocked, id=1648, stack(0x000000a9f2500000,0x000000a9f2600000)]
  0x000001d87d8bf230 JavaThread "mysql-cj-abandoned-connection-cleanup" daemon [_thread_blocked, id=18852, stack(0x000000a9f2600000,0x000000a9f2700000)]
  0x000001d87d8be3c0 JavaThread "HikariPool-1 housekeeper" daemon [_thread_blocked, id=24964, stack(0x000000a9f2800000,0x000000a9f2900000)]
  0x000001d87d8bed60 JavaThread "DefaultUDPTransportMapping_0:0:0:0:0:0:0:0/60792" daemon [_thread_in_native, id=24152, stack(0x000000a9f2900000,0x000000a9f2a00000)]
  0x000001d87d8c0a40 JavaThread "MessageBroker-1" [_thread_blocked, id=4940, stack(0x000000a9f2a00000,0x000000a9f2b00000)]
  0x000001d87d8bd080 JavaThread "File Watcher" daemon [_thread_blocked, id=18332, stack(0x000000a9f2b00000,0x000000a9f2c00000)]
  0x000001d803a4d960 JavaThread "Live Reload Server" daemon [_thread_in_native, id=24488, stack(0x000000a9f2d00000,0x000000a9f2e00000)]
  0x000001d803a4e300 JavaThread "http-nio-0.0.0.0-8080-exec-1" daemon [_thread_blocked, id=18420, stack(0x000000a9f2c00000,0x000000a9f2d00000)]
  0x000001d803a4de30 JavaThread "http-nio-0.0.0.0-8080-exec-2" daemon [_thread_blocked, id=22048, stack(0x000000a9f2e00000,0x000000a9f2f00000)]
  0x000001d803a4c620 JavaThread "http-nio-0.0.0.0-8080-exec-3" daemon [_thread_blocked, id=18532, stack(0x000000a9f2f00000,0x000000a9f3000000)]
  0x000001d803a4ae10 JavaThread "http-nio-0.0.0.0-8080-exec-4" daemon [_thread_blocked, id=22004, stack(0x000000a9f3000000,0x000000a9f3100000)]
  0x000001d803a49600 JavaThread "http-nio-0.0.0.0-8080-exec-5" daemon [_thread_in_vm, id=22164, stack(0x000000a9f3100000,0x000000a9f3200000)]
  0x000001d803a4caf0 JavaThread "http-nio-0.0.0.0-8080-exec-6" daemon [_thread_blocked, id=24624, stack(0x000000a9f3200000,0x000000a9f3300000)]
  0x000001d803a4c150 JavaThread "http-nio-0.0.0.0-8080-exec-7" daemon [_thread_blocked, id=15976, stack(0x000000a9f3300000,0x000000a9f3400000)]
  0x000001d803a4e7d0 JavaThread "http-nio-0.0.0.0-8080-exec-8" daemon [_thread_blocked, id=13368, stack(0x000000a9f3400000,0x000000a9f3500000)]
  0x000001d803a4eca0 JavaThread "http-nio-0.0.0.0-8080-exec-9" daemon [_thread_blocked, id=24504, stack(0x000000a9f3500000,0x000000a9f3600000)]
  0x000001d803a4f170 JavaThread "http-nio-0.0.0.0-8080-exec-10" daemon [_thread_in_Java, id=15676, stack(0x000000a9f3600000,0x000000a9f3700000)]
  0x000001d803a4f640 JavaThread "http-nio-0.0.0.0-8080-Poller" daemon [_thread_in_native, id=8980, stack(0x000000a9f3700000,0x000000a9f3800000)]
  0x000001d803a4cfc0 JavaThread "http-nio-0.0.0.0-8080-Acceptor" daemon [_thread_in_native, id=7144, stack(0x000000a9f3800000,0x000000a9f3900000)]
  0x000001d803a49130 JavaThread "MessageBroker-2" [_thread_blocked, id=21916, stack(0x000000a9f3900000,0x000000a9f3a00000)]
  0x000001d803a47df0 JavaThread "MessageBroker-3" [_thread_blocked, id=13124, stack(0x000000a9f3a00000,0x000000a9f3b00000)]
  0x000001d803a482c0 JavaThread "MessageBroker-4" [_thread_blocked, id=21604, stack(0x000000a9f3b00000,0x000000a9f3c00000)]
  0x000001d803a48c60 JavaThread "MessageBroker-5" [_thread_blocked, id=21156, stack(0x000000a9f3e00000,0x000000a9f3f00000)]
  0x000001d803a4b2e0 JavaThread "MessageBroker-6" [_thread_blocked, id=15156, stack(0x000000a9f3f00000,0x000000a9f4000000)]
  0x000001d803a4bc80 JavaThread "DestroyJavaVM" [_thread_blocked, id=16052, stack(0x000000a9f0500000,0x000000a9f0600000)]
  0x000001d803a49fa0 JavaThread "Timer-0" daemon [_thread_blocked, id=22592, stack(0x000000a9f4100000,0x000000a9f4200000)]
  0x000001d87d938ee0 JavaThread "MessageBroker-7" [_thread_blocked, id=7044, stack(0x000000a9f0200000,0x000000a9f0300000)]

Other Threads:
  0x000001d87c713820 VMThread "VM Thread" [stack: 0x000000a9f0b00000,0x000000a9f0c00000] [id=17796]
  0x000001d85d09be40 WatcherThread [stack: 0x000000a9f1600000,0x000000a9f1700000] [id=1432]
  0x000001d85d078ce0 GCTaskThread "GC Thread#0" [stack: 0x000000a9f0600000,0x000000a9f0700000] [id=7120]
  0x000001d87e755a90 GCTaskThread "GC Thread#1" [stack: 0x000000a9f1b00000,0x000000a9f1c00000] [id=8632]
  0x000001d87dc763e0 GCTaskThread "GC Thread#2" [stack: 0x000000a9f1c00000,0x000000a9f1d00000] [id=25152]
  0x000001d87da61850 GCTaskThread "GC Thread#3" [stack: 0x000000a9f1d00000,0x000000a9f1e00000] [id=21748]
  0x000001d87da61b00 GCTaskThread "GC Thread#4" [stack: 0x000000a9f1e00000,0x000000a9f1f00000] [id=21944]
  0x000001d87e3675e0 GCTaskThread "GC Thread#5" [stack: 0x000000a9f1f00000,0x000000a9f2000000] [id=24916]
  0x000001d87e9e17d0 GCTaskThread "GC Thread#6" [stack: 0x000000a9f2100000,0x000000a9f2200000] [id=21212]
  0x000001d87e4ea140 GCTaskThread "GC Thread#7" [stack: 0x000000a9f2200000,0x000000a9f2300000] [id=19292]
  0x000001d85d087aa0 ConcurrentGCThread "G1 Main Marker" [stack: 0x000000a9f0700000,0x000000a9f0800000] [id=10700]
  0x000001d85d088c50 ConcurrentGCThread "G1 Conc#0" [stack: 0x000000a9f0800000,0x000000a9f0900000] [id=11296]
  0x000001d87db0b640 ConcurrentGCThread "G1 Conc#1" [stack: 0x000000a9f2000000,0x000000a9f2100000] [id=3184]
  0x000001d85d0dd6e0 ConcurrentGCThread "G1 Refine#0" [stack: 0x000000a9f0900000,0x000000a9f0a00000] [id=22848]
  0x000001d85d0de100 ConcurrentGCThread "G1 Service" [stack: 0x000000a9f0a00000,0x000000a9f0b00000] [id=24636]

Threads with active compile tasks:
C2 CompilerThread0   137088 10980   !   4       org.springframework.web.filter.RequestContextFilter::doFilterInternal (107 bytes)

VM state: not at safepoint (normal execution)

VM Mutex/Monitor currently owned by a thread: None

Heap address: 0x0000000090c00000, size: 1780 MB, Compressed Oops mode: 32-bit

CDS archive(s) mapped at: [0x0000000800000000-0x0000000800bc0000-0x0000000800bc0000), size 12320768, SharedBaseAddress: 0x0000000800000000, ArchiveRelocationMode: 0.
Compressed class space mapped at: 0x0000000800c00000-0x0000000840c00000, reserved size: 1073741824
Narrow klass base: 0x0000000800000000, Narrow klass shift: 0, Narrow klass range: 0x100000000

GC Precious Log:
 CPUs: 8 total, 8 available
 Memory: 7115M
 Large Page Support: Disabled
 NUMA Support: Disabled
 Compressed Oops: Enabled (32-bit)
 Heap Region Size: 1M
 Heap Min Capacity: 8M
 Heap Initial Capacity: 112M
 Heap Max Capacity: 1780M
 Pre-touch: Disabled
 Parallel Workers: 8
 Concurrent Workers: 2
 Concurrent Refinement Workers: 8
 Periodic GC: Disabled

Heap:
 garbage-first heap   total 108544K, used 71218K [0x0000000090c00000, 0x0000000100000000)
  region size 1024K, 35 young (35840K), 1 survivors (1024K)
 Metaspace       used 74198K, committed 74880K, reserved 1114112K
  class space    used 9848K, committed 10176K, reserved 1048576K

Heap Regions: E=young(eden), S=young(survivor), O=old, HS=humongous(starts), HC=humongous(continues), CS=collection set, F=free, OA=open archive, CA=closed archive, TAMS=top-at-mark-start (previous, next)
|   0|0x0000000090c00000, 0x0000000090d00000, 0x0000000090d00000|100%|HS|  |TAMS 0x0000000090d00000, 0x0000000090c00000| Complete 
|   1|0x0000000090d00000, 0x0000000090e00000, 0x0000000090e00000|100%| O|  |TAMS 0x0000000090e00000, 0x0000000090d00000| Untracked 
|   2|0x0000000090e00000, 0x0000000090f00000, 0x0000000090f00000|100%| O|  |TAMS 0x0000000090f00000, 0x0000000090e00000| Untracked 
|   3|0x0000000090f00000, 0x0000000091000000, 0x0000000091000000|100%| O|  |TAMS 0x0000000091000000, 0x0000000090f00000| Untracked 
|   4|0x0000000091000000, 0x0000000091100000, 0x0000000091100000|100%| O|  |TAMS 0x0000000091100000, 0x0000000091000000| Untracked 
|   5|0x0000000091100000, 0x0000000091200000, 0x0000000091200000|100%| O|  |TAMS 0x0000000091200000, 0x0000000091100000| Untracked 
|   6|0x0000000091200000, 0x0000000091300000, 0x0000000091300000|100%| O|  |TAMS 0x0000000091300000, 0x0000000091200000| Untracked 
|   7|0x0000000091300000, 0x0000000091400000, 0x0000000091400000|100%| O|  |TAMS 0x0000000091400000, 0x0000000091300000| Untracked 
|   8|0x0000000091400000, 0x0000000091500000, 0x0000000091500000|100%| O|  |TAMS 0x0000000091500000, 0x0000000091400000| Untracked 
|   9|0x0000000091500000, 0x0000000091600000, 0x0000000091600000|100%| O|  |TAMS 0x0000000091600000, 0x0000000091500000| Untracked 
|  10|0x0000000091600000, 0x0000000091700000, 0x0000000091700000|100%| O|  |TAMS 0x0000000091700000, 0x0000000091600000| Untracked 
|  11|0x0000000091700000, 0x0000000091800000, 0x0000000091800000|100%| O|  |TAMS 0x0000000091800000, 0x0000000091700000| Untracked 
|  12|0x0000000091800000, 0x0000000091900000, 0x0000000091900000|100%| O|  |TAMS 0x0000000091900000, 0x0000000091800000| Untracked 
|  13|0x0000000091900000, 0x0000000091a00000, 0x0000000091a00000|100%| O|  |TAMS 0x0000000091a00000, 0x0000000091900000| Untracked 
|  14|0x0000000091a00000, 0x0000000091b00000, 0x0000000091b00000|100%| O|  |TAMS 0x0000000091b00000, 0x0000000091a00000| Untracked 
|  15|0x0000000091b00000, 0x0000000091c00000, 0x0000000091c00000|100%| O|  |TAMS 0x0000000091c00000, 0x0000000091b00000| Untracked 
|  16|0x0000000091c00000, 0x0000000091d00000, 0x0000000091d00000|100%| O|  |TAMS 0x0000000091d00000, 0x0000000091c00000| Untracked 
|  17|0x0000000091d00000, 0x0000000091e00000, 0x0000000091e00000|100%| O|  |TAMS 0x0000000091e00000, 0x0000000091d00000| Untracked 
|  18|0x0000000091e00000, 0x0000000091e58200, 0x0000000091f00000| 34%| O|  |TAMS 0x0000000091e54800, 0x0000000091e00000| Untracked 
|  19|0x0000000091f00000, 0x0000000092000000, 0x0000000092000000|100%| O|  |TAMS 0x0000000092000000, 0x0000000091f00000| Untracked 
|  20|0x0000000092000000, 0x0000000092100000, 0x0000000092100000|100%| O|  |TAMS 0x0000000092100000, 0x0000000092000000| Untracked 
|  21|0x0000000092100000, 0x0000000092200000, 0x0000000092200000|100%| O|  |TAMS 0x0000000092200000, 0x0000000092100000| Untracked 
|  22|0x0000000092200000, 0x0000000092300000, 0x0000000092300000|100%| O|  |TAMS 0x0000000092300000, 0x0000000092200000| Untracked 
|  23|0x0000000092300000, 0x0000000092400000, 0x0000000092400000|100%| O|  |TAMS 0x0000000092400000, 0x0000000092300000| Untracked 
|  24|0x0000000092400000, 0x0000000092500000, 0x0000000092500000|100%| O|  |TAMS 0x0000000092500000, 0x0000000092400000| Untracked 
|  25|0x0000000092500000, 0x0000000092600000, 0x0000000092600000|100%| O|  |TAMS 0x0000000092600000, 0x0000000092500000| Untracked 
|  26|0x0000000092600000, 0x0000000092700000, 0x0000000092700000|100%| O|  |TAMS 0x0000000092700000, 0x0000000092600000| Untracked 
|  27|0x0000000092700000, 0x0000000092700000, 0x0000000092800000|  0%| F|  |TAMS 0x0000000092700000, 0x0000000092700000| Untracked 
|  28|0x0000000092800000, 0x0000000092900000, 0x0000000092900000|100%| O|  |TAMS 0x0000000092900000, 0x0000000092800000| Untracked 
|  29|0x0000000092900000, 0x0000000092a00000, 0x0000000092a00000|100%| O|  |TAMS 0x0000000092a00000, 0x0000000092900000| Untracked 
|  30|0x0000000092a00000, 0x0000000092b00000, 0x0000000092b00000|100%| O|  |TAMS 0x0000000092b00000, 0x0000000092a00000| Untracked 
|  31|0x0000000092b00000, 0x0000000092c00000, 0x0000000092c00000|100%| O|  |TAMS 0x0000000092c00000, 0x0000000092b00000| Untracked 
|  32|0x0000000092c00000, 0x0000000092d00000, 0x0000000092d00000|100%| O|  |TAMS 0x0000000092d00000, 0x0000000092c00000| Untracked 
|  33|0x0000000092d00000, 0x0000000092e00000, 0x0000000092e00000|100%| O|  |TAMS 0x0000000092e00000, 0x0000000092d00000| Untracked 
|  34|0x0000000092e00000, 0x0000000092f00000, 0x0000000092f00000|100%| O|  |TAMS 0x0000000092f00000, 0x0000000092e00000| Untracked 
|  35|0x0000000092f00000, 0x0000000093000000, 0x0000000093000000|100%| O|  |TAMS 0x0000000093000000, 0x0000000092f00000| Untracked 
|  36|0x0000000093000000, 0x0000000093100000, 0x0000000093100000|100%| O|  |TAMS 0x0000000093100000, 0x0000000093000000| Untracked 
|  37|0x0000000093100000, 0x0000000093200000, 0x0000000093200000|100%| O|  |TAMS 0x0000000093200000, 0x0000000093100000| Untracked 
|  38|0x0000000093200000, 0x0000000093300000, 0x0000000093300000|100%| O|  |TAMS 0x0000000093300000, 0x0000000093200000| Untracked 
|  39|0x0000000093300000, 0x0000000093300000, 0x0000000093400000|  0%| F|  |TAMS 0x0000000093300000, 0x0000000093300000| Untracked 
|  40|0x0000000093400000, 0x0000000093400000, 0x0000000093500000|  0%| F|  |TAMS 0x0000000093400000, 0x0000000093400000| Untracked 
|  41|0x0000000093500000, 0x0000000093500000, 0x0000000093600000|  0%| F|  |TAMS 0x0000000093500000, 0x0000000093500000| Untracked 
|  42|0x0000000093600000, 0x0000000093600000, 0x0000000093700000|  0%| F|  |TAMS 0x0000000093600000, 0x0000000093600000| Untracked 
|  43|0x0000000093700000, 0x0000000093700000, 0x0000000093800000|  0%| F|  |TAMS 0x0000000093700000, 0x0000000093700000| Untracked 
|  44|0x0000000093800000, 0x0000000093800000, 0x0000000093900000|  0%| F|  |TAMS 0x0000000093800000, 0x0000000093800000| Untracked 
|  45|0x0000000093900000, 0x0000000093900000, 0x0000000093a00000|  0%| F|  |TAMS 0x0000000093900000, 0x0000000093900000| Untracked 
|  46|0x0000000093a00000, 0x0000000093a00000, 0x0000000093b00000|  0%| F|  |TAMS 0x0000000093a00000, 0x0000000093a00000| Untracked 
|  47|0x0000000093b00000, 0x0000000093b00000, 0x0000000093c00000|  0%| F|  |TAMS 0x0000000093b00000, 0x0000000093b00000| Untracked 
|  48|0x0000000093c00000, 0x0000000093c00000, 0x0000000093d00000|  0%| F|  |TAMS 0x0000000093c00000, 0x0000000093c00000| Untracked 
|  49|0x0000000093d00000, 0x0000000093d00000, 0x0000000093e00000|  0%| F|  |TAMS 0x0000000093d00000, 0x0000000093d00000| Untracked 
|  50|0x0000000093e00000, 0x0000000093e34910, 0x0000000093f00000| 20%| S|CS|TAMS 0x0000000093e00000, 0x0000000093e00000| Complete 
|  51|0x0000000093f00000, 0x0000000093f00000, 0x0000000094000000|  0%| F|  |TAMS 0x0000000093f00000, 0x0000000093f00000| Untracked 
|  52|0x0000000094000000, 0x0000000094000000, 0x0000000094100000|  0%| F|  |TAMS 0x0000000094000000, 0x0000000094000000| Untracked 
|  53|0x0000000094100000, 0x0000000094100000, 0x0000000094200000|  0%| F|  |TAMS 0x0000000094100000, 0x0000000094100000| Untracked 
|  54|0x0000000094200000, 0x0000000094200000, 0x0000000094300000|  0%| F|  |TAMS 0x0000000094200000, 0x0000000094200000| Untracked 
|  55|0x0000000094300000, 0x0000000094300000, 0x0000000094400000|  0%| F|  |TAMS 0x0000000094300000, 0x0000000094300000| Untracked 
|  56|0x0000000094400000, 0x0000000094400000, 0x0000000094500000|  0%| F|  |TAMS 0x0000000094400000, 0x0000000094400000| Untracked 
|  57|0x0000000094500000, 0x0000000094500000, 0x0000000094600000|  0%| F|  |TAMS 0x0000000094500000, 0x0000000094500000| Untracked 
|  58|0x0000000094600000, 0x0000000094600000, 0x0000000094700000|  0%| F|  |TAMS 0x0000000094600000, 0x0000000094600000| Untracked 
|  59|0x0000000094700000, 0x0000000094700000, 0x0000000094800000|  0%| F|  |TAMS 0x0000000094700000, 0x0000000094700000| Untracked 
|  60|0x0000000094800000, 0x0000000094800000, 0x0000000094900000|  0%| F|  |TAMS 0x0000000094800000, 0x0000000094800000| Untracked 
|  61|0x0000000094900000, 0x0000000094900000, 0x0000000094a00000|  0%| F|  |TAMS 0x0000000094900000, 0x0000000094900000| Untracked 
|  62|0x0000000094a00000, 0x0000000094a00000, 0x0000000094b00000|  0%| F|  |TAMS 0x0000000094a00000, 0x0000000094a00000| Untracked 
|  63|0x0000000094b00000, 0x0000000094b00000, 0x0000000094c00000|  0%| F|  |TAMS 0x0000000094b00000, 0x0000000094b00000| Untracked 
|  64|0x0000000094c00000, 0x0000000094c00000, 0x0000000094d00000|  0%| F|  |TAMS 0x0000000094c00000, 0x0000000094c00000| Untracked 
|  65|0x0000000094d00000, 0x0000000094d00000, 0x0000000094e00000|  0%| F|  |TAMS 0x0000000094d00000, 0x0000000094d00000| Untracked 
|  66|0x0000000094e00000, 0x0000000094e00000, 0x0000000094f00000|  0%| F|  |TAMS 0x0000000094e00000, 0x0000000094e00000| Untracked 
|  67|0x0000000094f00000, 0x0000000094f00000, 0x0000000095000000|  0%| F|  |TAMS 0x0000000094f00000, 0x0000000094f00000| Untracked 
|  68|0x0000000095000000, 0x0000000095000000, 0x0000000095100000|  0%| F|  |TAMS 0x0000000095000000, 0x0000000095000000| Untracked 
|  69|0x0000000095100000, 0x0000000095100000, 0x0000000095200000|  0%| F|  |TAMS 0x0000000095100000, 0x0000000095100000| Untracked 
|  70|0x0000000095200000, 0x0000000095200000, 0x0000000095300000|  0%| F|  |TAMS 0x0000000095200000, 0x0000000095200000| Untracked 
|  71|0x0000000095300000, 0x00000000953a3ac8, 0x0000000095400000| 63%| E|  |TAMS 0x0000000095300000, 0x0000000095300000| Complete 
|  72|0x0000000095400000, 0x0000000095500000, 0x0000000095500000|100%| E|CS|TAMS 0x0000000095400000, 0x0000000095400000| Complete 
|  73|0x0000000095500000, 0x0000000095600000, 0x0000000095600000|100%| E|CS|TAMS 0x0000000095500000, 0x0000000095500000| Complete 
|  74|0x0000000095600000, 0x0000000095700000, 0x0000000095700000|100%| E|CS|TAMS 0x0000000095600000, 0x0000000095600000| Complete 
|  75|0x0000000095700000, 0x0000000095800000, 0x0000000095800000|100%| E|CS|TAMS 0x0000000095700000, 0x0000000095700000| Complete 
|  76|0x0000000095800000, 0x0000000095900000, 0x0000000095900000|100%| E|CS|TAMS 0x0000000095800000, 0x0000000095800000| Complete 
|  77|0x0000000095900000, 0x0000000095a00000, 0x0000000095a00000|100%| E|CS|TAMS 0x0000000095900000, 0x0000000095900000| Complete 
|  78|0x0000000095a00000, 0x0000000095b00000, 0x0000000095b00000|100%| E|CS|TAMS 0x0000000095a00000, 0x0000000095a00000| Complete 
|  79|0x0000000095b00000, 0x0000000095c00000, 0x0000000095c00000|100%| E|CS|TAMS 0x0000000095b00000, 0x0000000095b00000| Complete 
|  80|0x0000000095c00000, 0x0000000095d00000, 0x0000000095d00000|100%| E|  |TAMS 0x0000000095c00000, 0x0000000095c00000| Complete 
|  81|0x0000000095d00000, 0x0000000095e00000, 0x0000000095e00000|100%| E|CS|TAMS 0x0000000095d00000, 0x0000000095d00000| Complete 
|  82|0x0000000095e00000, 0x0000000095f00000, 0x0000000095f00000|100%| E|CS|TAMS 0x0000000095e00000, 0x0000000095e00000| Complete 
|  83|0x0000000095f00000, 0x0000000096000000, 0x0000000096000000|100%| E|CS|TAMS 0x0000000095f00000, 0x0000000095f00000| Complete 
|  84|0x0000000096000000, 0x0000000096100000, 0x0000000096100000|100%| E|CS|TAMS 0x0000000096000000, 0x0000000096000000| Complete 
|  85|0x0000000096100000, 0x0000000096200000, 0x0000000096200000|100%| E|CS|TAMS 0x0000000096100000, 0x0000000096100000| Complete 
|  86|0x0000000096200000, 0x0000000096300000, 0x0000000096300000|100%| E|CS|TAMS 0x0000000096200000, 0x0000000096200000| Complete 
|  87|0x0000000096300000, 0x0000000096400000, 0x0000000096400000|100%| E|CS|TAMS 0x0000000096300000, 0x0000000096300000| Complete 
|  88|0x0000000096400000, 0x0000000096500000, 0x0000000096500000|100%| E|CS|TAMS 0x0000000096400000, 0x0000000096400000| Complete 
|  89|0x0000000096500000, 0x0000000096600000, 0x0000000096600000|100%| E|CS|TAMS 0x0000000096500000, 0x0000000096500000| Complete 
|  90|0x0000000096600000, 0x0000000096700000, 0x0000000096700000|100%| E|CS|TAMS 0x0000000096600000, 0x0000000096600000| Complete 
|  91|0x0000000096700000, 0x0000000096800000, 0x0000000096800000|100%| E|CS|TAMS 0x0000000096700000, 0x0000000096700000| Complete 
|  92|0x0000000096800000, 0x0000000096900000, 0x0000000096900000|100%| E|CS|TAMS 0x0000000096800000, 0x0000000096800000| Complete 
|  93|0x0000000096900000, 0x0000000096a00000, 0x0000000096a00000|100%| E|CS|TAMS 0x0000000096900000, 0x0000000096900000| Complete 
|  94|0x0000000096a00000, 0x0000000096b00000, 0x0000000096b00000|100%| E|CS|TAMS 0x0000000096a00000, 0x0000000096a00000| Complete 
|  95|0x0000000096b00000, 0x0000000096c00000, 0x0000000096c00000|100%| E|CS|TAMS 0x0000000096b00000, 0x0000000096b00000| Complete 
|  96|0x0000000096c00000, 0x0000000096d00000, 0x0000000096d00000|100%| E|CS|TAMS 0x0000000096c00000, 0x0000000096c00000| Complete 
|  97|0x0000000096d00000, 0x0000000096e00000, 0x0000000096e00000|100%| E|CS|TAMS 0x0000000096d00000, 0x0000000096d00000| Complete 
|  98|0x0000000096e00000, 0x0000000096f00000, 0x0000000096f00000|100%| E|CS|TAMS 0x0000000096e00000, 0x0000000096e00000| Complete 
|  99|0x0000000096f00000, 0x0000000097000000, 0x0000000097000000|100%| E|CS|TAMS 0x0000000096f00000, 0x0000000096f00000| Complete 
| 100|0x0000000097000000, 0x0000000097100000, 0x0000000097100000|100%| E|CS|TAMS 0x0000000097000000, 0x0000000097000000| Complete 
| 101|0x0000000097100000, 0x0000000097200000, 0x0000000097200000|100%| E|CS|TAMS 0x0000000097100000, 0x0000000097100000| Complete 
| 102|0x0000000097200000, 0x0000000097300000, 0x0000000097300000|100%| E|CS|TAMS 0x0000000097200000, 0x0000000097200000| Complete 
| 103|0x0000000097300000, 0x0000000097400000, 0x0000000097400000|100%| E|CS|TAMS 0x0000000097300000, 0x0000000097300000| Complete 
| 104|0x0000000097400000, 0x0000000097500000, 0x0000000097500000|100%| E|CS|TAMS 0x0000000097400000, 0x0000000097400000| Complete 
| 111|0x0000000097b00000, 0x0000000097c00000, 0x0000000097c00000|100%| E|CS|TAMS 0x0000000097b00000, 0x0000000097b00000| Complete 

Card table byte_map: [0x000001d875e70000,0x000001d8761f0000] _byte_map_base: 0x000001d8759ea000

Marking Bits (Prev, Next): (CMBitMap*) 0x000001d85d0792f0, (CMBitMap*) 0x000001d85d079330
 Prev Bits: [0x000001d876570000, 0x000001d878140000)
 Next Bits: [0x000001d878140000, 0x000001d879d10000)

Polling page: 0x000001d85cd20000

Metaspace:

Usage:
  Non-class:     62.84 MB used.
      Class:      9.62 MB used.
       Both:     72.46 MB used.

Virtual space:
  Non-class space:       64.00 MB reserved,      63.19 MB ( 99%) committed,  8 nodes.
      Class space:        1.00 GB reserved,       9.94 MB ( <1%) committed,  1 nodes.
             Both:        1.06 GB reserved,      73.12 MB (  7%) committed. 

Chunk freelists:
   Non-Class:  752.00 KB
       Class:  1.98 MB
        Both:  2.71 MB

MaxMetaspaceSize: unlimited
CompressedClassSpaceSize: 1.00 GB
Initial GC threshold: 21.00 MB
Current GC threshold: 121.56 MB
CDS: on
MetaspaceReclaimPolicy: balanced
 - commit_granule_bytes: 65536.
 - commit_granule_words: 8192.
 - virtual_space_node_default_size: 1048576.
 - enlarge_chunks_in_place: 1.
 - new_chunks_are_fully_committed: 0.
 - uncommit_free_chunks: 1.
 - use_allocation_guard: 0.
 - handle_deallocations: 1.


Internal statistics:

num_allocs_failed_limit: 6.
num_arena_births: 934.
num_arena_deaths: 40.
num_vsnodes_births: 9.
num_vsnodes_deaths: 0.
num_space_committed: 1170.
num_space_uncommitted: 0.
num_chunks_returned_to_freelist: 66.
num_chunks_taken_from_freelist: 3810.
num_chunk_merges: 7.
num_chunk_splits: 2651.
num_chunks_enlarged: 1973.
num_purges: 10.
num_inconsistent_stats: 0.

CodeHeap 'non-profiled nmethods': size=120000Kb used=7389Kb max_used=7435Kb free=112610Kb
 bounds [0x000001d86db50000, 0x000001d86e2a0000, 0x000001d875080000]
CodeHeap 'profiled nmethods': size=120000Kb used=13983Kb max_used=17883Kb free=106017Kb
 bounds [0x000001d866620000, 0x000001d8677a0000, 0x000001d86db50000]
CodeHeap 'non-nmethods': size=5760Kb used=1355Kb max_used=1435Kb free=4404Kb
 bounds [0x000001d866080000, 0x000001d8662f0000, 0x000001d866620000]
 total_blobs=9299 nmethods=8612 adapters=597
 compilation: enabled
              stopped_count=0, restarted_count=0
 full_count=0

Compilation events (20 events):
Event: 136.347 Thread 0x000001d87c73e7c0 nmethod 10971 0x000001d86e28e610 code [0x000001d86e28e7c0, 0x000001d86e28ef78]
Event: 136.570 Thread 0x000001d87c73f170 10972   !   3       org.apache.coyote.http11.Http11InputBuffer::fill (435 bytes)
Event: 136.572 Thread 0x000001d87c73e7c0 10973       4       org.apache.tomcat.util.net.SocketBufferHandler::setReadBufferConfiguredForWrite (60 bytes)
Event: 136.574 Thread 0x000001d87c73f170 nmethod 10972 0x000001d866ffbb90 code [0x000001d866ffc020, 0x000001d866ffe178]
Event: 136.575 Thread 0x000001d87c73e7c0 nmethod 10973 0x000001d86e28f290 code [0x000001d86e28f420, 0x000001d86e28f588]
Event: 136.575 Thread 0x000001d87c73e7c0 10974       4       org.springframework.web.filter.CorsFilter::doFilterInternal (49 bytes)
Event: 136.601 Thread 0x000001d87c73e7c0 nmethod 10974 0x000001d86e28f710 code [0x000001d86e28f940, 0x000001d86e2903c8]
Event: 136.601 Thread 0x000001d87c73e7c0 10975       4       org.springframework.security.oauth2.server.resource.web.DefaultBearerTokenResolver::isParameterTokenSupportedForRequest (48 bytes)
Event: 136.609 Thread 0x000001d87c73e7c0 nmethod 10975 0x000001d86e290e10 code [0x000001d86e290fc0, 0x000001d86e291588]
Event: 136.610 Thread 0x000001d87c73e7c0 10976   !   4       com.nimbusds.jose.crypto.RSASSAVerifier::verify (96 bytes)
Event: 136.666 Thread 0x000001d87c73e7c0 nmethod 10976 0x000001d86e291890 code [0x000001d86e291aa0, 0x000001d86e292750]
Event: 136.666 Thread 0x000001d87c73e7c0 10979       4       org.apache.catalina.connector.ResponseFacade::getContentType (12 bytes)
Event: 136.668 Thread 0x000001d87c73e7c0 nmethod 10979 0x000001d86e0b6490 code [0x000001d86e0b6600, 0x000001d86e0b66b8]
Event: 136.668 Thread 0x000001d87c73e7c0 10977       4       org.springframework.security.oauth2.jwt.Jwt$Builder::build (54 bytes)
Event: 136.737 Thread 0x000001d87c73f170 10983       3       sun.nio.ch.SocketChannelImpl::isNetSocket (26 bytes)
Event: 136.737 Thread 0x000001d87c73f170 nmethod 10983 0x000001d866844090 code [0x000001d866844220, 0x000001d8668443d8]
Event: 136.749 Thread 0x000001d87c73e7c0 nmethod 10977 0x000001d86df10f10 code [0x000001d86df11180, 0x000001d86df12760]
Event: 136.749 Thread 0x000001d87c73e7c0 10982   !   4       org.springframework.security.oauth2.core.converter.ObjectToInstantConverter::convert (73 bytes)
Event: 136.755 Thread 0x000001d87c73e7c0 nmethod 10982 0x000001d86e16b090 code [0x000001d86e16b220, 0x000001d86e16b4b8]
Event: 136.755 Thread 0x000001d87c73e7c0 10980   !   4       org.springframework.web.filter.RequestContextFilter::doFilterInternal (107 bytes)

GC Heap History (20 events):
Event: 107.332 GC heap before
{Heap before GC invocations=43 (full 0):
 garbage-first heap   total 78848K, used 67422K [0x0000000090c00000, 0x0000000100000000)
  region size 1024K, 29 young (29696K), 1 survivors (1024K)
 Metaspace       used 74144K, committed 74816K, reserved 1114112K
  class space    used 9845K, committed 10176K, reserved 1048576K
}
Event: 107.335 GC heap after
{Heap after GC invocations=44 (full 0):
 garbage-first heap   total 78848K, used 38718K [0x0000000090c00000, 0x0000000100000000)
  region size 1024K, 1 young (1024K), 1 survivors (1024K)
 Metaspace       used 74144K, committed 74816K, reserved 1114112K
  class space    used 9845K, committed 10176K, reserved 1048576K
}
Event: 107.516 GC heap before
{Heap before GC invocations=44 (full 0):
 garbage-first heap   total 78848K, used 40766K [0x0000000090c00000, 0x0000000100000000)
  region size 1024K, 3 young (3072K), 1 survivors (1024K)
 Metaspace       used 74145K, committed 74816K, reserved 1114112K
  class space    used 9845K, committed 10176K, reserved 1048576K
}
Event: 107.520 GC heap after
{Heap after GC invocations=45 (full 0):
 garbage-first heap   total 78848K, used 38398K [0x0000000090c00000, 0x0000000100000000)
  region size 1024K, 1 young (1024K), 1 survivors (1024K)
 Metaspace       used 74145K, committed 74816K, reserved 1114112K
  class space    used 9845K, committed 10176K, reserved 1048576K
}
Event: 109.223 GC heap before
{Heap before GC invocations=45 (full 0):
 garbage-first heap   total 78848K, used 67070K [0x0000000090c00000, 0x0000000100000000)
  region size 1024K, 29 young (29696K), 1 survivors (1024K)
 Metaspace       used 74154K, committed 74816K, reserved 1114112K
  class space    used 9846K, committed 10176K, reserved 1048576K
}
Event: 109.227 GC heap after
{Heap after GC invocations=46 (full 0):
 garbage-first heap   total 108544K, used 38457K [0x0000000090c00000, 0x0000000100000000)
  region size 1024K, 1 young (1024K), 1 survivors (1024K)
 Metaspace       used 74154K, committed 74816K, reserved 1114112K
  class space    used 9846K, committed 10176K, reserved 1048576K
}
Event: 113.333 GC heap before
{Heap before GC invocations=47 (full 0):
 garbage-first heap   total 108544K, used 92729K [0x0000000090c00000, 0x0000000100000000)
  region size 1024K, 54 young (55296K), 1 survivors (1024K)
 Metaspace       used 74156K, committed 74816K, reserved 1114112K
  class space    used 9846K, committed 10176K, reserved 1048576K
}
Event: 113.336 GC heap after
{Heap after GC invocations=48 (full 0):
 garbage-first heap   total 108544K, used 38410K [0x0000000090c00000, 0x0000000100000000)
  region size 1024K, 1 young (1024K), 1 survivors (1024K)
 Metaspace       used 74156K, committed 74816K, reserved 1114112K
  class space    used 9846K, committed 10176K, reserved 1048576K
}
Event: 116.233 GC heap before
{Heap before GC invocations=48 (full 0):
 garbage-first heap   total 108544K, used 92682K [0x0000000090c00000, 0x0000000100000000)
  region size 1024K, 54 young (55296K), 1 survivors (1024K)
 Metaspace       used 74156K, committed 74816K, reserved 1114112K
  class space    used 9846K, committed 10176K, reserved 1048576K
}
Event: 116.236 GC heap after
{Heap after GC invocations=49 (full 0):
 garbage-first heap   total 108544K, used 38415K [0x0000000090c00000, 0x0000000100000000)
  region size 1024K, 1 young (1024K), 1 survivors (1024K)
 Metaspace       used 74156K, committed 74816K, reserved 1114112K
  class space    used 9846K, committed 10176K, reserved 1048576K
}
Event: 119.138 GC heap before
{Heap before GC invocations=50 (full 0):
 garbage-first heap   total 108544K, used 93711K [0x0000000090c00000, 0x0000000100000000)
  region size 1024K, 55 young (56320K), 1 survivors (1024K)
 Metaspace       used 74156K, committed 74816K, reserved 1114112K
  class space    used 9846K, committed 10176K, reserved 1048576K
}
Event: 119.140 GC heap after
{Heap after GC invocations=51 (full 0):
 garbage-first heap   total 108544K, used 38460K [0x0000000090c00000, 0x0000000100000000)
  region size 1024K, 1 young (1024K), 1 survivors (1024K)
 Metaspace       used 74156K, committed 74816K, reserved 1114112K
  class space    used 9846K, committed 10176K, reserved 1048576K
}
Event: 123.823 GC heap before
{Heap before GC invocations=51 (full 0):
 garbage-first heap   total 108544K, used 93756K [0x0000000090c00000, 0x0000000100000000)
  region size 1024K, 55 young (56320K), 1 survivors (1024K)
 Metaspace       used 74181K, committed 74816K, reserved 1114112K
  class space    used 9846K, committed 10176K, reserved 1048576K
}
Event: 123.826 GC heap after
{Heap after GC invocations=52 (full 0):
 garbage-first heap   total 108544K, used 38422K [0x0000000090c00000, 0x0000000100000000)
  region size 1024K, 1 young (1024K), 1 survivors (1024K)
 Metaspace       used 74181K, committed 74816K, reserved 1114112K
  class space    used 9846K, committed 10176K, reserved 1048576K
}
Event: 128.597 GC heap before
{Heap before GC invocations=53 (full 0):
 garbage-first heap   total 108544K, used 93718K [0x0000000090c00000, 0x0000000100000000)
  region size 1024K, 55 young (56320K), 1 survivors (1024K)
 Metaspace       used 74181K, committed 74816K, reserved 1114112K
  class space    used 9846K, committed 10176K, reserved 1048576K
}
Event: 128.599 GC heap after
{Heap after GC invocations=54 (full 0):
 garbage-first heap   total 108544K, used 38432K [0x0000000090c00000, 0x0000000100000000)
  region size 1024K, 1 young (1024K), 1 survivors (1024K)
 Metaspace       used 74181K, committed 74816K, reserved 1114112K
  class space    used 9846K, committed 10176K, reserved 1048576K
}
Event: 133.451 GC heap before
{Heap before GC invocations=54 (full 0):
 garbage-first heap   total 108544K, used 93728K [0x0000000090c00000, 0x0000000100000000)
  region size 1024K, 55 young (56320K), 1 survivors (1024K)
 Metaspace       used 74182K, committed 74816K, reserved 1114112K
  class space    used 9846K, committed 10176K, reserved 1048576K
}
Event: 133.454 GC heap after
{Heap after GC invocations=55 (full 0):
 garbage-first heap   total 108544K, used 38442K [0x0000000090c00000, 0x0000000100000000)
  region size 1024K, 1 young (1024K), 1 survivors (1024K)
 Metaspace       used 74182K, committed 74816K, reserved 1114112K
  class space    used 9846K, committed 10176K, reserved 1048576K
}
Event: 135.807 GC heap before
{Heap before GC invocations=56 (full 0):
 garbage-first heap   total 108544K, used 93738K [0x0000000090c00000, 0x0000000100000000)
  region size 1024K, 55 young (56320K), 1 survivors (1024K)
 Metaspace       used 74198K, committed 74880K, reserved 1114112K
  class space    used 9848K, committed 10176K, reserved 1048576K
}
Event: 135.811 GC heap after
{Heap after GC invocations=57 (full 0):
 garbage-first heap   total 108544K, used 38450K [0x0000000090c00000, 0x0000000100000000)
  region size 1024K, 1 young (1024K), 1 survivors (1024K)
 Metaspace       used 74198K, committed 74880K, reserved 1114112K
  class space    used 9848K, committed 10176K, reserved 1048576K
}

Deoptimization events (20 events):
Event: 107.044 Thread 0x000001d803a4e300 DEOPT PACKING pc=0x000001d8675ed136 sp=0x000000a9f2cfee30
Event: 107.044 Thread 0x000001d803a4e300 DEOPT UNPACKING pc=0x000001d8660d2b43 sp=0x000000a9f2cfe278 mode 0
Event: 108.991 Thread 0x000001d803a4e300 DEOPT PACKING pc=0x000001d86769e7d6 sp=0x000000a9f2cfead0
Event: 108.991 Thread 0x000001d803a4e300 DEOPT UNPACKING pc=0x000001d8660d2b43 sp=0x000000a9f2cfdef0 mode 0
Event: 109.376 Thread 0x000001d803a49600 DEOPT PACKING pc=0x000001d86757f018 sp=0x000000a9f31feac0
Event: 109.376 Thread 0x000001d803a49600 DEOPT UNPACKING pc=0x000001d8660d2b43 sp=0x000000a9f31fdee0 mode 0
Event: 109.448 Thread 0x000001d803a4f170 DEOPT PACKING pc=0x000001d86759f4e9 sp=0x000000a9f36fea40
Event: 109.448 Thread 0x000001d803a4f170 DEOPT UNPACKING pc=0x000001d8660d2b43 sp=0x000000a9f36fdeb8 mode 0
Event: 110.063 Thread 0x000001d803a49600 DEOPT PACKING pc=0x000001d8674a64d0 sp=0x000000a9f31feb80
Event: 110.063 Thread 0x000001d803a49600 DEOPT UNPACKING pc=0x000001d8660d2b43 sp=0x000000a9f31fe000 mode 0
Event: 110.585 Thread 0x000001d803a49600 DEOPT PACKING pc=0x000001d8674b4b50 sp=0x000000a9f31fea90
Event: 110.586 Thread 0x000001d803a49600 DEOPT UNPACKING pc=0x000001d8660d2b43 sp=0x000000a9f31fdf08 mode 0
Event: 124.060 Thread 0x000001d803a4e7d0 Uncommon trap: trap_request=0xffffff45 fr.pc=0x000001d86e16af64 relative=0x0000000000000ee4
Event: 124.060 Thread 0x000001d803a4e7d0 Uncommon trap: reason=unstable_if action=reinterpret pc=0x000001d86e16af64 method=java.util.concurrent.locks.ReentrantLock$NonfairSync.tryAcquire(I)Z @ 13 c2
Event: 124.060 Thread 0x000001d803a4e7d0 DEOPT PACKING pc=0x000001d86e16af64 sp=0x000000a9f34fee10
Event: 124.061 Thread 0x000001d803a4e7d0 DEOPT UNPACKING pc=0x000001d8660d23a3 sp=0x000000a9f34fed38 mode 2
Event: 136.524 Thread 0x000001d803a4e7d0 Uncommon trap: trap_request=0xffffff45 fr.pc=0x000001d86df0c4b4 relative=0x00000000000055f4
Event: 136.524 Thread 0x000001d803a4e7d0 Uncommon trap: reason=unstable_if action=reinterpret pc=0x000001d86df0c4b4 method=org.apache.tomcat.util.net.NioEndpoint$NioSocketWrapper.fillReadBuffer(ZLjava/nio/ByteBuffer;)I @ 143 c2
Event: 136.524 Thread 0x000001d803a4e7d0 DEOPT PACKING pc=0x000001d86df0c4b4 sp=0x000000a9f34fed80
Event: 136.525 Thread 0x000001d803a4e7d0 DEOPT UNPACKING pc=0x000001d8660d23a3 sp=0x000000a9f34fec60 mode 2

Classes unloaded (20 events):
Event: 16.123 Thread 0x000001d87c713820 Unloading class 0x0000000801364800 'jdk/internal/reflect/GeneratedSerializationConstructorAccessor2'
Event: 16.123 Thread 0x000001d87c713820 Unloading class 0x0000000801364000 'jdk/internal/reflect/GeneratedSerializationConstructorAccessor1'
Event: 17.223 Thread 0x000001d87c713820 Unloading class 0x0000000801372000 'jdk/internal/reflect/GeneratedSerializationConstructorAccessor8'
Event: 17.223 Thread 0x000001d87c713820 Unloading class 0x0000000801371000 'jdk/internal/reflect/GeneratedSerializationConstructorAccessor7'
Event: 17.223 Thread 0x000001d87c713820 Unloading class 0x0000000801370c00 'jdk/internal/reflect/GeneratedSerializationConstructorAccessor6'
Event: 17.223 Thread 0x000001d87c713820 Unloading class 0x0000000801370000 'jdk/internal/reflect/GeneratedSerializationConstructorAccessor5'
Event: 17.223 Thread 0x000001d87c713820 Unloading class 0x0000000801366c00 'jdk/internal/reflect/GeneratedSerializationConstructorAccessor4'
Event: 17.223 Thread 0x000001d87c713820 Unloading class 0x0000000801364c00 'jdk/internal/reflect/GeneratedSerializationConstructorAccessor3'
Event: 18.222 Thread 0x000001d87c713820 Unloading class 0x000000080142d000 'jdk/internal/reflect/GeneratedSerializationConstructorAccessor10'
Event: 18.222 Thread 0x000001d87c713820 Unloading class 0x000000080142c000 'jdk/internal/reflect/GeneratedSerializationConstructorAccessor9'
Event: 19.624 Thread 0x000001d87c713820 Unloading class 0x0000000801498800 'jdk/internal/reflect/GeneratedSerializationConstructorAccessor18'
Event: 19.624 Thread 0x000001d87c713820 Unloading class 0x0000000801498000 'jdk/internal/reflect/GeneratedSerializationConstructorAccessor17'
Event: 19.624 Thread 0x000001d87c713820 Unloading class 0x0000000801370000 'jdk/internal/reflect/GeneratedSerializationConstructorAccessor16'
Event: 19.624 Thread 0x000001d87c713820 Unloading class 0x0000000801372000 'jdk/internal/reflect/GeneratedSerializationConstructorAccessor15'
Event: 19.624 Thread 0x000001d87c713820 Unloading class 0x0000000801490400 'jdk/internal/reflect/GeneratedSerializationConstructorAccessor14'
Event: 19.624 Thread 0x000001d87c713820 Unloading class 0x000000080143c000 'jdk/internal/reflect/GeneratedSerializationConstructorAccessor13'
Event: 19.624 Thread 0x000001d87c713820 Unloading class 0x0000000801364800 'jdk/internal/reflect/GeneratedSerializationConstructorAccessor12'
Event: 19.624 Thread 0x000001d87c713820 Unloading class 0x000000080142d400 'jdk/internal/reflect/GeneratedSerializationConstructorAccessor11'
Event: 98.686 Thread 0x000001d87c713820 Unloading class 0x0000000801584400 'java/lang/invoke/LambdaForm$DMH+0x0000000801584400'
Event: 98.686 Thread 0x000001d87c713820 Unloading class 0x0000000801554400 'java/lang/invoke/LambdaForm$DMH+0x0000000801554400'

Classes redefined (0 events):
No events

Internal exceptions (20 events):
Event: 17.604 Thread 0x000001d87e1b5780 Implicit null exception at 0x000001d86dc31e41 to 0x000001d86dc32213
Event: 18.138 Thread 0x000001d87e1b5780 Exception <a 'java/lang/IncompatibleClassChangeError'{0x0000000093976048}: Found class java.lang.Object, but interface was expected> (0x0000000093976048) 
thrown [t:\workspace\open\src\hotspot\share\interpreter\linkResolver.cpp, line 833]
Event: 18.649 Thread 0x000001d87e1b5780 Exception <a 'java/lang/NoSuchMethodError'{0x0000000093e03358}: 'int java.lang.invoke.DirectMethodHandle$Holder.invokeStaticInit(java.lang.Object, java.lang.Object, java.lang.Object, java.lang.Object)'> (0x0000000093e03358) 
thrown [t:\workspace\open\src\hotspot\share\interpreter\linkResolver.cpp, line 766]
Event: 18.703 Thread 0x000001d87e1b5780 Implicit null exception at 0x000001d86dc3651e to 0x000001d86dc36754
Event: 18.954 Thread 0x000001d87e1b5780 Exception <a 'java/lang/NoSuchMethodError'{0x0000000096935cc8}: 'java.lang.Object java.lang.invoke.DirectMethodHandle$Holder.newInvokeSpecial(java.lang.Object, java.lang.Object, int, java.lang.Object, java.lang.Object)'> (0x0000000096935cc8) 
thrown [t:\workspace\open\src\hotspot\share\interpreter\linkResolver.cpp, line 766]
Event: 18.956 Thread 0x000001d87e1b5780 Exception <a 'java/lang/NoSuchMethodError'{0x0000000096941340}: 'java.lang.Object java.lang.invoke.DirectMethodHandle$Holder.invokeSpecial(java.lang.Object, java.lang.Object, int, java.lang.Object, int, java.lang.Object)'> (0x0000000096941340) 
thrown [t:\workspace\open\src\hotspot\share\interpreter\linkResolver.cpp, line 766]
Event: 18.957 Thread 0x000001d87e1b5780 Exception <a 'java/lang/NoSuchMethodError'{0x00000000969493f0}: 'java.lang.Object java.lang.invoke.DirectMethodHandle$Holder.newInvokeSpecial(java.lang.Object, java.lang.Object, int, java.lang.Object, int)'> (0x00000000969493f0) 
thrown [t:\workspace\open\src\hotspot\share\interpreter\linkResolver.cpp, line 766]
Event: 18.957 Thread 0x000001d87e1b5780 Exception <a 'java/lang/NoSuchMethodError'{0x000000009694d4f0}: 'java.lang.Object java.lang.invoke.DirectMethodHandle$Holder.invokeSpecial(java.lang.Object, java.lang.Object, java.lang.Object, int, java.lang.Object, int)'> (0x000000009694d4f0) 
thrown [t:\workspace\open\src\hotspot\share\interpreter\linkResolver.cpp, line 766]
Event: 19.136 Thread 0x000001d803a48790 Exception <a 'java/lang/NoSuchMethodError'{0x0000000094301780}: 'java.lang.Object java.lang.invoke.DirectMethodHandle$Holder.invokeInterface(java.lang.Object, java.lang.Object, java.lang.Object, java.lang.Object)'> (0x0000000094301780) 
thrown [t:\workspace\open\src\hotspot\share\interpreter\linkResolver.cpp, line 766]
Event: 19.136 Thread 0x000001d803a4d490 Exception <a 'java/lang/NoSuchMethodError'{0x000000009431def0}: 'java.lang.Object java.lang.invoke.DirectMethodHandle$Holder.invokeInterface(java.lang.Object, java.lang.Object, java.lang.Object, java.lang.Object)'> (0x000000009431def0) 
thrown [t:\workspace\open\src\hotspot\share\interpreter\linkResolver.cpp, line 766]
Event: 19.151 Thread 0x000001d803a48790 Implicit null exception at 0x000001d86dd3555b to 0x000001d86dd355d4
Event: 19.248 Thread 0x000001d803a4d490 Exception <a 'java/lang/IncompatibleClassChangeError'{0x00000000941be678}: Found class java.lang.Object, but interface was expected> (0x00000000941be678) 
thrown [t:\workspace\open\src\hotspot\share\interpreter\linkResolver.cpp, line 833]
Event: 19.248 Thread 0x000001d803a48790 Exception <a 'java/lang/IncompatibleClassChangeError'{0x00000000941a4118}: Found class java.lang.Object, but interface was expected> (0x00000000941a4118) 
thrown [t:\workspace\open\src\hotspot\share\interpreter\linkResolver.cpp, line 833]
Event: 19.677 Thread 0x000001d803a4d490 Exception <a 'java/lang/NoSuchMethodError'{0x0000000096bda6b8}: 'java.lang.Object java.lang.invoke.DirectMethodHandle$Holder.newInvokeSpecial(java.lang.Object, java.lang.Object, java.lang.Object, long)'> (0x0000000096bda6b8) 
thrown [t:\workspace\open\src\hotspot\share\interpreter\linkResolver.cpp, line 766]
Event: 19.678 Thread 0x000001d803a4d490 Exception <a 'java/lang/NoSuchMethodError'{0x0000000096bde9b0}: 'java.lang.Object java.lang.invoke.DirectMethodHandle$Holder.invokeSpecial(java.lang.Object, java.lang.Object, java.lang.Object, java.lang.Object, long)'> (0x0000000096bde9b0) 
thrown [t:\workspace\open\src\hotspot\share\interpreter\linkResolver.cpp, line 766]
Event: 19.678 Thread 0x000001d803a4d490 Exception <a 'java/lang/NoSuchMethodError'{0x0000000096be2580}: 'java.lang.Object java.lang.invoke.Invokers$Holder.linkToTargetMethod(java.lang.Object, java.lang.Object, long, java.lang.Object)'> (0x0000000096be2580) 
thrown [t:\workspace\open\src\hotspot\share\interpreter\linkResolver.cpp, line 766]
Event: 78.382 Thread 0x000001d803a482c0 Exception <a 'java/lang/NoSuchMethodError'{0x0000000094a17158}: 'java.lang.Object java.lang.invoke.DirectMethodHandle$Holder.invokeSpecial(java.lang.Object, java.lang.Object, long, int, int, int, int, int, int, int, int, int)'> (0x0000000094a17158) 
thrown [t:\workspace\open\src\hotspot\share\interpreter\linkResolver.cpp, line 766]
Event: 78.383 Thread 0x000001d803a482c0 Exception <a 'java/lang/NoSuchMethodError'{0x0000000094a1adf0}: 'java.lang.Object java.lang.invoke.DelegatingMethodHandle$Holder.reinvoke_L(java.lang.Object, long, int, int, int, int, int, int, int, int, int)'> (0x0000000094a1adf0) 
thrown [t:\workspace\open\src\hotspot\share\interpreter\linkResolver.cpp, line 766]
Event: 95.519 Thread 0x000001d803a4e300 Exception <a 'java/lang/NoSuchMethodError'{0x0000000094538b48}: 'java.lang.Object java.lang.invoke.DirectMethodHandle$Holder.invokeSpecial(java.lang.Object, java.lang.Object, java.lang.Object, java.lang.Object, java.lang.Object, long)'> (0x0000000094538b48) 
thrown [t:\workspace\open\src\hotspot\share\interpreter\linkResolver.cpp, line 766]
Event: 95.519 Thread 0x000001d803a4e300 Exception <a 'java/lang/NoSuchMethodError'{0x000000009453c588}: 'java.lang.Object java.lang.invoke.Invokers$Holder.linkToTargetMethod(java.lang.Object, java.lang.Object, java.lang.Object, long, java.lang.Object)'> (0x000000009453c588) 
thrown [t:\workspace\open\src\hotspot\share\interpreter\linkResolver.cpp, line 766]

VM Operations (20 events):
Event: 132.619 Executing VM operation: Cleanup
Event: 132.619 Executing VM operation: Cleanup done
Event: 133.450 Executing VM operation: G1CollectForAllocation
Event: 133.454 Executing VM operation: G1CollectForAllocation done
Event: 133.541 Executing VM operation: G1Concurrent
Event: 133.552 Executing VM operation: G1Concurrent done
Event: 133.591 Executing VM operation: G1Concurrent
Event: 133.592 Executing VM operation: G1Concurrent done
Event: 134.598 Executing VM operation: Cleanup
Event: 134.598 Executing VM operation: Cleanup done
Event: 135.611 Executing VM operation: Cleanup
Event: 135.611 Executing VM operation: Cleanup done
Event: 135.807 Executing VM operation: G1CollectForAllocation
Event: 135.811 Executing VM operation: G1CollectForAllocation done
Event: 136.524 Executing VM operation: HandshakeAllThreads
Event: 136.525 Executing VM operation: HandshakeAllThreads done
Event: 136.575 Executing VM operation: HandshakeAllThreads
Event: 136.578 Executing VM operation: HandshakeAllThreads done
Event: 136.666 Executing VM operation: HandshakeAllThreads
Event: 136.667 Executing VM operation: HandshakeAllThreads done

Events (20 events):
Event: 136.692 Thread 0x000001d87c752240 flushing nmethod 0x000001d86775ee10
Event: 136.692 Thread 0x000001d87c752240 flushing nmethod 0x000001d86775f410
Event: 136.692 Thread 0x000001d87c752240 flushing nmethod 0x000001d867761190
Event: 136.692 Thread 0x000001d87c752240 flushing nmethod 0x000001d867762710
Event: 136.692 Thread 0x000001d87c752240 flushing nmethod 0x000001d867765690
Event: 136.692 Thread 0x000001d87c752240 flushing nmethod 0x000001d86776b890
Event: 136.692 Thread 0x000001d87c752240 flushing nmethod 0x000001d867775410
Event: 136.692 Thread 0x000001d87c752240 flushing nmethod 0x000001d867778390
Event: 136.692 Thread 0x000001d87c752240 flushing nmethod 0x000001d867778790
Event: 136.692 Thread 0x000001d87c752240 flushing nmethod 0x000001d86777a110
Event: 136.692 Thread 0x000001d87c752240 flushing nmethod 0x000001d86777c210
Event: 136.692 Thread 0x000001d87c752240 flushing nmethod 0x000001d86777d610
Event: 136.692 Thread 0x000001d87c752240 flushing nmethod 0x000001d86777dd10
Event: 136.692 Thread 0x000001d87c752240 flushing nmethod 0x000001d867780010
Event: 136.692 Thread 0x000001d87c752240 flushing nmethod 0x000001d867784310
Event: 136.692 Thread 0x000001d87c752240 flushing nmethod 0x000001d867786a90
Event: 136.692 Thread 0x000001d87c752240 flushing nmethod 0x000001d86778ce10
Event: 136.692 Thread 0x000001d87c752240 flushing nmethod 0x000001d867790b90
Event: 136.692 Thread 0x000001d87c752240 flushing nmethod 0x000001d867791510
Event: 136.692 Thread 0x000001d87c752240 flushing nmethod 0x000001d867796610


Dynamic libraries:
0x00007ff784f70000 - 0x00007ff784f80000 	C:\Program Files\Java\jdk-17.0.3.1\bin\java.exe
0x00007ffacf790000 - 0x00007ffacf9a7000 	C:\WINDOWS\SYSTEM32\ntdll.dll
0x00007fface7c0000 - 0x00007fface884000 	C:\WINDOWS\System32\KERNEL32.dll
0x00007ffacc900000 - 0x00007ffacca1b000 	C:\Windows\system32\hmpalert.dll
0x00007ffaccb00000 - 0x00007ffaccea6000 	C:\WINDOWS\System32\KERNELBASE.dll
0x00007ffacd3c0000 - 0x00007ffacd4d1000 	C:\WINDOWS\System32\ucrtbase.dll
0x00007ffac6b80000 - 0x00007ffac6b98000 	C:\Program Files\Java\jdk-17.0.3.1\bin\jli.dll
0x00007ffacd4f0000 - 0x00007ffacd5a1000 	C:\WINDOWS\System32\ADVAPI32.dll
0x00007fface2d0000 - 0x00007fface377000 	C:\WINDOWS\System32\msvcrt.dll
0x00007ffaba200000 - 0x00007ffaba21a000 	C:\Program Files\Java\jdk-17.0.3.1\bin\VCRUNTIME140.dll
0x00007ffacdb60000 - 0x00007ffacdc05000 	C:\WINDOWS\System32\sechost.dll
0x00007ffacf100000 - 0x00007ffacf217000 	C:\WINDOWS\System32\RPCRT4.dll
0x00007ffacd8b0000 - 0x00007ffacda5e000 	C:\WINDOWS\System32\USER32.dll
0x00007ffacd270000 - 0x00007ffacd296000 	C:\WINDOWS\System32\win32u.dll
0x00007fface250000 - 0x00007fface279000 	C:\WINDOWS\System32\GDI32.dll
0x00007ffacceb0000 - 0x00007ffaccfc8000 	C:\WINDOWS\System32\gdi32full.dll
0x00007ffacd320000 - 0x00007ffacd3ba000 	C:\WINDOWS\System32\msvcp_win.dll
0x00007ffac6aa0000 - 0x00007ffac6aaa000 	C:\WINDOWS\SYSTEM32\VERSION.dll
0x00007ffab6b90000 - 0x00007ffab6e23000 	C:\WINDOWS\WinSxS\amd64_microsoft.windows.common-controls_6595b64144ccf1df_6.0.22621.2506_none_270c5ae97388e100\COMCTL32.dll
0x00007fface290000 - 0x00007fface2c1000 	C:\WINDOWS\System32\IMM32.DLL
0x00007ffac7e80000 - 0x00007ffac7e8c000 	C:\Program Files\Java\jdk-17.0.3.1\bin\vcruntime140_1.dll
0x00007ffa9ee20000 - 0x00007ffa9eead000 	C:\Program Files\Java\jdk-17.0.3.1\bin\msvcp140.dll
0x00007ffa232d0000 - 0x00007ffa23e90000 	C:\Program Files\Java\jdk-17.0.3.1\bin\server\jvm.dll
0x00007fface890000 - 0x00007fface898000 	C:\WINDOWS\System32\PSAPI.DLL
0x00007ffac5b50000 - 0x00007ffac5b59000 	C:\WINDOWS\SYSTEM32\WSOCK32.dll
0x00007ffacdac0000 - 0x00007ffacdb31000 	C:\WINDOWS\System32\WS2_32.dll
0x00007ffac6100000 - 0x00007ffac6134000 	C:\WINDOWS\SYSTEM32\WINMM.dll
0x00007ffacb9a0000 - 0x00007ffacb9b8000 	C:\WINDOWS\SYSTEM32\kernel.appcore.dll
0x00007ffac6dc0000 - 0x00007ffac6dca000 	C:\Program Files\Java\jdk-17.0.3.1\bin\jimage.dll
0x00007ffaca340000 - 0x00007ffaca573000 	C:\WINDOWS\SYSTEM32\DBGHELP.DLL
0x00007ffacdec0000 - 0x00007fface249000 	C:\WINDOWS\System32\combase.dll
0x00007fface520000 - 0x00007fface5f7000 	C:\WINDOWS\System32\OLEAUT32.dll
0x00007ffab7f50000 - 0x00007ffab7f82000 	C:\WINDOWS\SYSTEM32\dbgcore.DLL
0x00007ffacd2a0000 - 0x00007ffacd31a000 	C:\WINDOWS\System32\bcryptPrimitives.dll
0x00007ffab2ba0000 - 0x00007ffab2bc5000 	C:\Program Files\Java\jdk-17.0.3.1\bin\java.dll
0x00007ffa8c910000 - 0x00007ffa8c9e6000 	C:\Program Files\Java\jdk-17.0.3.1\bin\jsvml.dll
0x00007fface8a0000 - 0x00007ffacf0fa000 	C:\WINDOWS\System32\SHELL32.dll
0x00007ffaca8b0000 - 0x00007ffacb1a6000 	C:\WINDOWS\SYSTEM32\windows.storage.dll
0x00007ffaca770000 - 0x00007ffaca8ae000 	C:\WINDOWS\SYSTEM32\wintypes.dll
0x00007ffacdc30000 - 0x00007ffacdd23000 	C:\WINDOWS\System32\SHCORE.dll
0x00007fface600000 - 0x00007fface65e000 	C:\WINDOWS\System32\shlwapi.dll
0x00007ffacca30000 - 0x00007ffacca56000 	C:\WINDOWS\SYSTEM32\profapi.dll
0x00007ffab7220000 - 0x00007ffab7239000 	C:\Program Files\Java\jdk-17.0.3.1\bin\net.dll
0x00007ffac6440000 - 0x00007ffac6577000 	C:\WINDOWS\SYSTEM32\WINHTTP.dll
0x00007ffacbe20000 - 0x00007ffacbe89000 	C:\WINDOWS\system32\mswsock.dll
0x00007ffab6330000 - 0x00007ffab6346000 	C:\Program Files\Java\jdk-17.0.3.1\bin\nio.dll
0x00007ffab6130000 - 0x00007ffab6148000 	C:\Program Files\Java\jdk-17.0.3.1\bin\zip.dll
0x00007ffabfc00000 - 0x00007ffabfc09000 	C:\Program Files\Java\jdk-17.0.3.1\bin\management.dll
0x00007ffabf730000 - 0x00007ffabf73b000 	C:\Program Files\Java\jdk-17.0.3.1\bin\management_ext.dll
0x00007ffac6d90000 - 0x00007ffac6da0000 	C:\Program Files\Java\jdk-17.0.3.1\bin\verify.dll
0x00007ffacc050000 - 0x00007ffacc06b000 	C:\WINDOWS\SYSTEM32\CRYPTSP.dll
0x00007ffacb900000 - 0x00007ffacb935000 	C:\WINDOWS\system32\rsaenh.dll
0x00007ffacbee0000 - 0x00007ffacbf0c000 	C:\WINDOWS\SYSTEM32\USERENV.dll
0x00007ffacc2a0000 - 0x00007ffacc2c8000 	C:\WINDOWS\SYSTEM32\bcrypt.dll
0x00007ffacc070000 - 0x00007ffacc07c000 	C:\WINDOWS\SYSTEM32\CRYPTBASE.dll
0x00007ffacb410000 - 0x00007ffacb43d000 	C:\WINDOWS\SYSTEM32\IPHLPAPI.DLL
0x00007fface280000 - 0x00007fface289000 	C:\WINDOWS\System32\NSI.dll
0x00007ffac6810000 - 0x00007ffac6829000 	C:\WINDOWS\SYSTEM32\dhcpcsvc6.DLL
0x00007ffac6330000 - 0x00007ffac634f000 	C:\WINDOWS\SYSTEM32\dhcpcsvc.DLL
0x00007ffacb480000 - 0x00007ffacb579000 	C:\WINDOWS\SYSTEM32\DNSAPI.dll
0x00007ffac7f70000 - 0x00007ffac7f7e000 	C:\Program Files\Java\jdk-17.0.3.1\bin\sunmscapi.dll
0x00007ffacd100000 - 0x00007ffacd266000 	C:\WINDOWS\System32\CRYPT32.dll
0x00007ffacc270000 - 0x00007ffacc29d000 	C:\WINDOWS\SYSTEM32\ncrypt.dll
0x00007ffacc230000 - 0x00007ffacc267000 	C:\WINDOWS\SYSTEM32\NTASN1.dll
0x00007ffac50c0000 - 0x00007ffac50ca000 	C:\Windows\System32\rasadhlp.dll
0x00007ffac5680000 - 0x00007ffac5703000 	C:\WINDOWS\System32\fwpuclnt.dll
0x00007ffac5a70000 - 0x00007ffac5a87000 	C:\WINDOWS\system32\napinsp.dll
0x00007ffac5a40000 - 0x00007ffac5a5b000 	C:\WINDOWS\system32\pnrpnsp.dll
0x00007ffac5a20000 - 0x00007ffac5a31000 	C:\WINDOWS\System32\winrnr.dll
0x00007ffac5a00000 - 0x00007ffac5a15000 	C:\WINDOWS\system32\wshbth.dll
0x00007ffac59d0000 - 0x00007ffac59f1000 	C:\WINDOWS\system32\nlansp_c.dll
0x00007ffac7f20000 - 0x00007ffac7f28000 	C:\WINDOWS\system32\wshunix.dll
0x00007ffac8080000 - 0x00007ffac808d000 	C:\WINDOWS\SYSTEM32\WINNSI.DLL

dbghelp: loaded successfully - version: 4.0.5 - missing functions: none
symbol engine: initialized successfully - sym options: 0x614 - pdb path: .;C:\Program Files\Java\jdk-17.0.3.1\bin;C:\WINDOWS\SYSTEM32;C:\WINDOWS\WinSxS\amd64_microsoft.windows.common-controls_6595b64144ccf1df_6.0.22621.2506_none_270c5ae97388e100;C:\Program Files\Java\jdk-17.0.3.1\bin\server

VM Arguments:
java_command: net.ultrafibra.utilidades.UtilidadesUltraFibraApplication
java_class_path (initial): C:\Users\nlore\OneDrive\Documents\NetBeansProjects\net.ultrafibra_utilidades_v2\target\classes;C:\Users\nlore\.m2\repository\org\springframework\boot\spring-boot-starter-web\3.0.6\spring-boot-starter-web-3.0.6.jar;C:\Users\nlore\.m2\repository\org\springframework\boot\spring-boot-starter\3.0.6\spring-boot-starter-3.0.6.jar;C:\Users\nlore\.m2\repository\org\springframework\boot\spring-boot-starter-logging\3.0.6\spring-boot-starter-logging-3.0.6.jar;C:\Users\nlore\.m2\repository\ch\qos\logback\logback-classic\1.4.7\logback-classic-1.4.7.jar;C:\Users\nlore\.m2\repository\ch\qos\logback\logback-core\1.4.7\logback-core-1.4.7.jar;C:\Users\nlore\.m2\repository\org\apache\logging\log4j\log4j-to-slf4j\2.19.0\log4j-to-slf4j-2.19.0.jar;C:\Users\nlore\.m2\repository\org\slf4j\jul-to-slf4j\2.0.7\jul-to-slf4j-2.0.7.jar;C:\Users\nlore\.m2\repository\jakarta\annotation\jakarta.annotation-api\2.1.1\jakarta.annotation-api-2.1.1.jar;C:\Users\nlore\.m2\repository\org\yaml\snakeyaml\1.33\snakeyaml-1.33.jar;C:\Users\nlore\.m2\repository\org\springframework\boot\spring-boot-starter-json\3.0.6\spring-boot-starter-json-3.0.6.jar;C:\Users\nlore\.m2\repository\com\fasterxml\jackson\datatype\jackson-datatype-jdk8\2.14.2\jackson-datatype-jdk8-2.14.2.jar;C:\Users\nlore\.m2\repository\com\fasterxml\jackson\datatype\jackson-datatype-jsr310\2.14.2\jackson-datatype-jsr310-2.14.2.jar;C:\Users\nlore\.m2\repository\com\fasterxml\jackson\module\jackson-module-parameter-names\2.14.2\jackson-module-parameter-names-2.14.2.jar;C:\Users\nlore\.m2\repository\org\springframework\boot\spring-boot-starter-tomcat\3.0.6\spring-boot-starter-tomcat-3.0.6.jar;C:\Users\nlore\.m2\repository\org\apache\tomcat\embed\tomcat-embed-core\10.1.8\tomcat-embed-core-10.1.8.jar;C:\Users\nlore\.m2\repository\org\apache\tomcat\embed\tomcat-embed-el\10.1.8\tomcat-embed-el-10.1.8.jar;C:\Users\nlore\.m2\repository\org\apache\tomcat\embed\tomcat-embed-websocket\10.1.8\tomcat-embed-websocket-10.1.8.jar;C:\Us
Launcher Type: SUN_STANDARD

[Global flags]
     intx CICompilerCount                          = 4                                         {product} {ergonomic}
     uint ConcGCThreads                            = 2                                         {product} {ergonomic}
     uint G1ConcRefinementThreads                  = 8                                         {product} {ergonomic}
   size_t G1HeapRegionSize                         = 1048576                                   {product} {ergonomic}
    uintx GCDrainStackTargetSize                   = 64                                        {product} {ergonomic}
   size_t InitialHeapSize                          = 117440512                                 {product} {ergonomic}
   size_t MarkStackSize                            = 4194304                                   {product} {ergonomic}
   size_t MaxHeapSize                              = 1866465280                                {product} {ergonomic}
   size_t MaxNewSize                               = 1119879168                                {product} {ergonomic}
   size_t MinHeapDeltaBytes                        = 1048576                                   {product} {ergonomic}
   size_t MinHeapSize                              = 8388608                                   {product} {ergonomic}
    uintx NonNMethodCodeHeapSize                   = 5839372                                {pd product} {ergonomic}
    uintx NonProfiledCodeHeapSize                  = 122909434                              {pd product} {ergonomic}
    uintx ProfiledCodeHeapSize                     = 122909434                              {pd product} {ergonomic}
    uintx ReservedCodeCacheSize                    = 251658240                              {pd product} {ergonomic}
     bool SegmentedCodeCache                       = true                                      {product} {ergonomic}
   size_t SoftMaxHeapSize                          = 1866465280                             {manageable} {ergonomic}
     bool UseCompressedClassPointers               = true                           {product lp64_product} {ergonomic}
     bool UseCompressedOops                        = true                           {product lp64_product} {ergonomic}
     bool UseG1GC                                  = true                                      {product} {ergonomic}
     bool UseLargePagesIndividualAllocation        = false                                  {pd product} {ergonomic}

Logging:
Log output configuration:
 #0: stdout all=warning uptime,level,tags
 #1: stderr all=off uptime,level,tags

Environment Variables:
JAVA_HOME=C:\Program Files\Java\jdk-17.0.3.1
PATH=C:\Program Files\Common Files\Oracle\Java\javapath;C:\Program Files (x86)\Common Files\Oracle\Java\javapath;C:\ProgramData\Oracle\Java\javapath;C:\WINDOWS\system32;C:\WINDOWS;C:\WINDOWS\System32\Wbem;C:\WINDOWS\System32\WindowsPowerShell\v1.0\;C:\WINDOWS\System32\OpenSSH\;C:\Program Files (x86)\AOMEI\AOMEI Backupper 6.4.0;C:\Program Files (x86)\AOMEI\AOMEI Backupper\6.7.0(1);C:\Program Files\dotnet\;C:\Program Files\Git\cmd;C:\WINDOWS\system32;C:\WINDOWS;C:\WINDOWS\System32\Wbem;C:\WINDOWS\System32\WindowsPowerShell\v1.0\;C:\WINDOWS\System32\OpenSSH\;C:\Program Files\nodejs\;C:\Program Files\PostgreSQL\15\bin;C:\Program Files (x86)\Java\jre1.8.0_361\bin\;;C:\Program Files\Docker\Docker\resources\bin;C:\Users\nlore\AppData\Local\Programs\Python\Python311\Scripts\;C:\Users\nlore\AppData\Local\Programs\Python\Python311\;C:\Users\nlore\AppData\Local\Microsoft\WindowsApps;C:\Users\nlore\.dotnet\tools;C:\Users\nlore\AppData\Local\GitHubDesktop\bin;C:\Users\nlore\AppData\Roaming\npm;C:\Users\nlore\AppData\Local\Programs\Microsoft VS Code\bin
USERNAME=nlore
OS=Windows_NT
PROCESSOR_IDENTIFIER=AMD64 Family 23 Model 24 Stepping 1, AuthenticAMD



---------------  S Y S T E M  ---------------

OS:
 Windows 11 , 64 bit Build 22621 (10.0.22621.2506)
OS uptime: 5 days 1:08 hours
Hyper-V role detected

CPU: total 8 (initial active 8) (8 cores per cpu, 2 threads per core) family 23 model 24 stepping 1 microcode 0x0, cx8, cmov, fxsr, ht, mmx, 3dnowpref, sse, sse2, sse3, ssse3, sse4a, sse4.1, sse4.2, popcnt, lzcnt, tsc, tscinvbit, avx, avx2, aes, clmul, bmi1, bmi2, adx, sha, fma, vzeroupper, clflush, clflushopt, hv

Memory: 4k page, system-wide physical 7115M (280M free)
TotalPageFile size 28619M (AvailPageFile size 7M)
current process WorkingSet (physical memory assigned to process): 294M, peak: 327M
current process commit charge ("private bytes"): 334M, peak: 368M

vm_info: Java HotSpot(TM) 64-Bit Server VM (17.0.3.1+2-LTS-6) for windows-amd64 JRE (17.0.3.1+2-LTS-6), built on Apr 25 2022 22:04:21 by "mach5one" with MS VC++ 16.8 / 16.9 (VS2019)

END.
